#
# There is insufficient memory for the Java Runtime Environment to continue.
# Native memory allocation (malloc) failed to allocate 1042576 bytes for Chunk::new
# Possible reasons:
#   The system is out of physical RAM or swap space
#   The process is running with CompressedOops enabled, and the Java Heap may be blocking the growth of the native heap
# Possible solutions:
#   Reduce memory load on the system
#   Increase physical memory or swap space
#   Check if swap backing store is full
#   Decrease Java heap size (-Xmx/-Xms)
#   Decrease number of Java threads
#   Decrease Java thread stack sizes (-Xss)
#   Set larger code cache with -XX:ReservedCodeCacheSize=
#   JVM is running with Unscaled Compressed Oops mode in which the Java heap is
#     placed in the first 4GB address space. The Java Heap base address is the
#     maximum limit for the native heap growth. Please use -XX:HeapBaseMinAddress
#     to set the Java Heap base and to place the Java Heap above 4GB virtual address.
# This output file may be truncated or incomplete.
#
#  Out of Memory Error (src/hotspot/share/memory/arena.cpp:197), pid=13244, tid=12568
#
# JRE version: OpenJDK Runtime Environment (11.0.15) (build 11.0.15+0-b2043.56-9505619)
# Java VM: OpenJDK 64-Bit Server VM (11.0.15+0-b2043.56-9505619, mixed mode, tiered, compressed oops, g1 gc, windows-amd64)
# No core dump will be written. Minidumps are not enabled by default on client versions of Windows
#

---------------  S U M M A R Y ------------

Command Line: --add-opens=java.base/java.util=ALL-UNNAMED --add-opens=java.base/java.lang=ALL-UNNAMED --add-opens=java.base/java.lang.invoke=ALL-UNNAMED --add-opens=java.base/java.util=ALL-UNNAMED --add-opens=java.prefs/java.util.prefs=ALL-UNNAMED --add-opens=java.prefs/java.util.prefs=ALL-UNNAMED --add-opens=java.base/java.nio.charset=ALL-UNNAMED --add-opens=java.base/java.net=ALL-UNNAMED --add-opens=java.base/java.util.concurrent.atomic=ALL-UNNAMED -Xmx2048m -Dfile.encoding=UTF-8 -Duser.country=PL -Duser.language=pl -Duser.variant org.gradle.launcher.daemon.bootstrap.GradleDaemon 7.5

Host: Intel(R) Core(TM) i5-8250U CPU @ 1.60GHz, 8 cores, 7G,  Windows 10 , 64 bit Build 19041 (10.0.19041.3393)
Time: Mon Oct  2 15:37:09 2023  Windows 10 , 64 bit Build 19041 (10.0.19041.3393) elapsed time: 23.881881 seconds (0d 0h 0m 23s)

---------------  T H R E A D  ---------------

Current thread (0x0000027f1bff0800):  JavaThread "C2 CompilerThread0" daemon [_thread_in_native, id=12568, stack(0x000000b5a3500000,0x000000b5a3600000)]


Current CompileTask:
C2:  23881 7792 %     4       org.gradle.internal.instantiation.generator.AbstractClassGenerator::inspectType @ 107 (560 bytes)

Stack: [0x000000b5a3500000,0x000000b5a3600000]
Native frames: (J=compiled Java code, j=interpreted, Vv=VM code, C=native code)
V  [jvm.dll+0x64135a]
V  [jvm.dll+0x7d39f9]
V  [jvm.dll+0x7d51b9]
V  [jvm.dll+0x7d58a3]
V  [jvm.dll+0x2691c5]
V  [jvm.dll+0xc1a5c]
V  [jvm.dll+0xc200c]
V  [jvm.dll+0x2da2c2]
V  [jvm.dll+0x54cad9]
V  [jvm.dll+0x220c9d]
V  [jvm.dll+0x223261]
V  [jvm.dll+0x220384]
V  [jvm.dll+0x19e851]
V  [jvm.dll+0x230479]
V  [jvm.dll+0x22e5ef]
V  [jvm.dll+0x794de1]
V  [jvm.dll+0x78dc24]
V  [jvm.dll+0x6400f6]
C  [ucrtbase.dll+0x21bb2]
C  [KERNEL32.DLL+0x17344]
C  [ntdll.dll+0x526b1]


---------------  P R O C E S S  ---------------

Threads class SMR info:
_java_thread_list=0x0000027f23335bc0, length=124, elements={
0x0000027f7f1e4800, 0x0000027f1b64b000, 0x0000027f1b64c000, 0x0000027f1bfeb000,
0x0000027f1bfec000, 0x0000027f1bfed000, 0x0000027f1bff0800, 0x0000027f1b66c000,
0x0000027f1b675000, 0x0000027f1c148800, 0x0000027f1e026800, 0x0000027f1c39e000,
0x0000027f1dfce000, 0x0000027f1e65c000, 0x0000027f1da9c800, 0x0000027f1e44b000,
0x0000027f1d3cf000, 0x0000027f1e50c800, 0x0000027f1f532000, 0x0000027f7ef21000,
0x0000027f1e5ab800, 0x0000027f1e5af800, 0x0000027f1e5ac800, 0x0000027f1e5ae800,
0x0000027f1e5b2000, 0x0000027f1e5ae000, 0x0000027f1e5ad000, 0x0000027f1e5b1000,
0x0000027f1e5b0800, 0x0000027f21c8e000, 0x0000027f21c8b800, 0x0000027f21c8c800,
0x0000027f21c88800, 0x0000027f21c90000, 0x0000027f21c8a000, 0x0000027f21c93000,
0x0000027f21c92000, 0x0000027f21c91800, 0x0000027f21c96800, 0x0000027f21c94000,
0x0000027f21c94800, 0x0000027f21c95800, 0x0000027f21c90800, 0x0000027f21c97000,
0x0000027f1f69a800, 0x0000027f1f699000, 0x0000027f1f695000, 0x0000027f1f69b800,
0x0000027f1f696000, 0x0000027f1f69c800, 0x0000027f1f697800, 0x0000027f1f698000,
0x0000027f1f69a000, 0x0000027f1f696800, 0x0000027f1f69f800, 0x0000027f1f6a1000,
0x0000027f1f6a0800, 0x0000027f1f6a2000, 0x0000027f1f69f000, 0x0000027f1f69e000,
0x0000027f1f69d000, 0x0000027f1f6a3000, 0x0000027f1f6a3800, 0x0000027f1edb2800,
0x0000027f1edb3800, 0x0000027f1edb5000, 0x0000027f1edb4800, 0x0000027f1edb6000,
0x0000027f1edb0800, 0x0000027f1edb7000, 0x0000027f1edb2000, 0x0000027f1edb1000,
0x0000027f1edba000, 0x0000027f1edb9000, 0x0000027f1edbc800, 0x0000027f1edbb000,
0x0000027f1edbb800, 0x0000027f1edbd800, 0x0000027f1edb7800, 0x0000027f1edbe000,
0x0000027f1edb8800, 0x0000027f1edbf000, 0x0000027f1d5c3000, 0x0000027f1d5c7800,
0x0000027f1d5c4000, 0x0000027f1d5c6800, 0x0000027f1d5c5000, 0x0000027f1d5c1800,
0x0000027f1d5c5800, 0x0000027f1d5c8000, 0x0000027f1d5c2800, 0x0000027f1d5c9800,
0x0000027f1d5c9000, 0x0000027f1d5d0000, 0x0000027f1d5cb800, 0x0000027f1d5cd000,
0x0000027f1d5ca800, 0x0000027f1d5ce000, 0x0000027f1d5cc000, 0x0000027f1d5cf800,
0x0000027f1d5ce800, 0x0000027f1f9d2800, 0x0000027f1f9d3000, 0x0000027f1f9d1800,
0x0000027f1f9d4000, 0x0000027f1f9d5000, 0x0000027f1f9cf000, 0x0000027f1f9d5800,
0x0000027f1f9d0000, 0x0000027f1f9d6800, 0x0000027f1f9d0800, 0x0000027f1f9d9800,
0x0000027f1f9d8000, 0x0000027f1f9dc000, 0x0000027f1f9d9000, 0x0000027f1f9da800,
0x0000027f1f9db800, 0x0000027f1f9dd000, 0x0000027f1f9d7800, 0x0000027f1f9de000,
0x0000027f200c7000, 0x0000027f1d438000, 0x0000027f200c8800, 0x0000027f200c6000
}

Java Threads: ( => current thread )
  0x0000027f7f1e4800 JavaThread "main" [_thread_blocked, id=16392, stack(0x000000b5a2900000,0x000000b5a2a00000)]
  0x0000027f1b64b000 JavaThread "Reference Handler" daemon [_thread_blocked, id=1764, stack(0x000000b5a3000000,0x000000b5a3100000)]
  0x0000027f1b64c000 JavaThread "Finalizer" daemon [_thread_blocked, id=5908, stack(0x000000b5a3100000,0x000000b5a3200000)]
  0x0000027f1bfeb000 JavaThread "Signal Dispatcher" daemon [_thread_blocked, id=17000, stack(0x000000b5a3200000,0x000000b5a3300000)]
  0x0000027f1bfec000 JavaThread "Attach Listener" daemon [_thread_blocked, id=7652, stack(0x000000b5a3300000,0x000000b5a3400000)]
  0x0000027f1bfed000 JavaThread "Service Thread" daemon [_thread_blocked, id=17368, stack(0x000000b5a3400000,0x000000b5a3500000)]
=>0x0000027f1bff0800 JavaThread "C2 CompilerThread0" daemon [_thread_in_native, id=12568, stack(0x000000b5a3500000,0x000000b5a3600000)]
  0x0000027f1b66c000 JavaThread "C1 CompilerThread0" daemon [_thread_blocked, id=14600, stack(0x000000b5a3600000,0x000000b5a3700000)]
  0x0000027f1b675000 JavaThread "Sweeper thread" daemon [_thread_blocked, id=1956, stack(0x000000b5a3700000,0x000000b5a3800000)]
  0x0000027f1c148800 JavaThread "Common-Cleaner" daemon [_thread_blocked, id=8952, stack(0x000000b5a3800000,0x000000b5a3900000)]
  0x0000027f1e026800 JavaThread "Daemon health stats" [_thread_blocked, id=13388, stack(0x000000b5a3b00000,0x000000b5a3c00000)]
  0x0000027f1c39e000 JavaThread "Incoming local TCP Connector on port 50971" [_thread_in_native, id=12684, stack(0x000000b5a3a00000,0x000000b5a3b00000)]
  0x0000027f1dfce000 JavaThread "Daemon periodic checks" [_thread_blocked, id=5920, stack(0x000000b5a3e00000,0x000000b5a3f00000)]
  0x0000027f1e65c000 JavaThread "Daemon" [_thread_blocked, id=12088, stack(0x000000b5a3f00000,0x000000b5a4000000)]
  0x0000027f1da9c800 JavaThread "Handler for socket connection from /127.0.0.1:50971 to /127.0.0.1:50975" [_thread_in_native, id=15460, stack(0x000000b5a4000000,0x000000b5a4100000)]
  0x0000027f1e44b000 JavaThread "Cancel handler" [_thread_blocked, id=11548, stack(0x000000b5a4100000,0x000000b5a4200000)]
  0x0000027f1d3cf000 JavaThread "Daemon worker" [_thread_in_vm, id=8628, stack(0x000000b5a4200000,0x000000b5a4300000)]
  0x0000027f1e50c800 JavaThread "Asynchronous log dispatcher for DefaultDaemonConnection: socket connection from /127.0.0.1:50971 to /127.0.0.1:50975" [_thread_blocked, id=5636, stack(0x000000b5a4400000,0x000000b5a4500000)]
  0x0000027f1f532000 JavaThread "Stdin handler" [_thread_blocked, id=10036, stack(0x000000b5a4500000,0x000000b5a4600000)]
  0x0000027f7ef21000 JavaThread "Daemon client event forwarder" [_thread_blocked, id=14848, stack(0x000000b5a4600000,0x000000b5a4700000)]
  0x0000027f1e5ab800 JavaThread "Cache worker for journal cache (C:\Users\Marcin\.gradle\caches\journal-1)" [_thread_blocked, id=7560, stack(0x000000b5a4700000,0x000000b5a4800000)]
  0x0000027f1e5af800 JavaThread "File lock request listener" [_thread_in_native, id=8440, stack(0x000000b5a4d00000,0x000000b5a4e00000)]
  0x0000027f1e5ac800 JavaThread "Cache worker for file hash cache (C:\Users\Marcin\.gradle\caches\7.5\fileHashes)" [_thread_blocked, id=16984, stack(0x000000b5a4300000,0x000000b5a4400000)]
  0x0000027f1e5ae800 JavaThread "File watcher server" daemon [_thread_in_native, id=2792, stack(0x000000b5a5000000,0x000000b5a5100000)]
  0x0000027f1e5b2000 JavaThread "File watcher consumer" daemon [_thread_blocked, id=14576, stack(0x000000b5a5100000,0x000000b5a5200000)]
  0x0000027f1e5ae000 JavaThread "Cache worker for checksums cache (D:\Gymnasios\.gradle\7.5\checksums)" [_thread_blocked, id=7280, stack(0x000000b5a5300000,0x000000b5a5400000)]
  0x0000027f1e5ad000 JavaThread "Cache worker for cache directory md-rule (C:\Users\Marcin\.gradle\caches\7.5\md-rule)" [_thread_blocked, id=15904, stack(0x000000b5a5400000,0x000000b5a5500000)]
  0x0000027f1e5b1000 JavaThread "Cache worker for file content cache (C:\Users\Marcin\.gradle\caches\7.5\fileContent)" [_thread_blocked, id=12860, stack(0x000000b5a5500000,0x000000b5a5600000)]
  0x0000027f1e5b0800 JavaThread "Cache worker for file hash cache (D:\Gymnasios\.gradle\7.5\fileHashes)" [_thread_blocked, id=13424, stack(0x000000b5a5600000,0x000000b5a5700000)]
  0x0000027f21c8e000 JavaThread "Cache worker for cache directory md-supplier (C:\Users\Marcin\.gradle\caches\7.5\md-supplier)" [_thread_blocked, id=9372, stack(0x000000b5a5700000,0x000000b5a5800000)]
  0x0000027f21c8b800 JavaThread "Cache worker for execution history cache (C:\Users\Marcin\.gradle\caches\7.5\executionHistory)" [_thread_blocked, id=5380, stack(0x000000b5a5200000,0x000000b5a5300000)]
  0x0000027f21c8c800 JavaThread "jar transforms" [_thread_blocked, id=12992, stack(0x000000b5a4f00000,0x000000b5a5000000)]
  0x0000027f21c88800 JavaThread "jar transforms Thread 2" [_thread_blocked, id=8480, stack(0x000000b5a5800000,0x000000b5a5900000)]
  0x0000027f21c90000 JavaThread "jar transforms Thread 3" [_thread_blocked, id=7048, stack(0x000000b5a5b00000,0x000000b5a5c00000)]
  0x0000027f21c8a000 JavaThread "jar transforms Thread 4" [_thread_blocked, id=10624, stack(0x000000b5a5c00000,0x000000b5a5d00000)]
  0x0000027f21c93000 JavaThread "jar transforms Thread 5" [_thread_blocked, id=12524, stack(0x000000b5a5d00000,0x000000b5a5e00000)]
  0x0000027f21c92000 JavaThread "jar transforms Thread 6" [_thread_blocked, id=12028, stack(0x000000b5a5e00000,0x000000b5a5f00000)]
  0x0000027f21c91800 JavaThread "jar transforms Thread 7" [_thread_blocked, id=9640, stack(0x000000b5a5f00000,0x000000b5a6000000)]
  0x0000027f21c96800 JavaThread "jar transforms Thread 8" [_thread_blocked, id=10180, stack(0x000000b5a6000000,0x000000b5a6100000)]
  0x0000027f21c94000 JavaThread "Cache worker for dependencies-accessors (D:\Gymnasios\.gradle\7.5\dependencies-accessors)" [_thread_blocked, id=9916, stack(0x000000b5a6100000,0x000000b5a6200000)]
  0x0000027f21c94800 JavaThread "Cache worker for Build Output Cleanup Cache (D:\Gymnasios\.gradle\buildOutputCleanup)" [_thread_blocked, id=11164, stack(0x000000b5a5900000,0x000000b5a5a00000)]
  0x0000027f21c95800 JavaThread "Unconstrained build operations" [_thread_blocked, id=14444, stack(0x000000b5a6400000,0x000000b5a6500000)]
  0x0000027f21c90800 JavaThread "Unconstrained build operations Thread 2" [_thread_blocked, id=11680, stack(0x000000b5a6500000,0x000000b5a6600000)]
  0x0000027f21c97000 JavaThread "Unconstrained build operations Thread 3" [_thread_blocked, id=1360, stack(0x000000b5a6600000,0x000000b5a6700000)]
  0x0000027f1f69a800 JavaThread "Unconstrained build operations Thread 4" [_thread_blocked, id=14292, stack(0x000000b5a6700000,0x000000b5a6800000)]
  0x0000027f1f699000 JavaThread "Unconstrained build operations Thread 5" [_thread_blocked, id=5040, stack(0x000000b5a6800000,0x000000b5a6900000)]
  0x0000027f1f695000 JavaThread "Unconstrained build operations Thread 6" [_thread_blocked, id=11036, stack(0x000000b5a6900000,0x000000b5a6a00000)]
  0x0000027f1f69b800 JavaThread "Unconstrained build operations Thread 7" [_thread_blocked, id=14244, stack(0x000000b5a6a00000,0x000000b5a6b00000)]
  0x0000027f1f696000 JavaThread "Unconstrained build operations Thread 8" [_thread_blocked, id=16532, stack(0x000000b5a6b00000,0x000000b5a6c00000)]
  0x0000027f1f69c800 JavaThread "Unconstrained build operations Thread 9" [_thread_blocked, id=11656, stack(0x000000b5a6c00000,0x000000b5a6d00000)]
  0x0000027f1f697800 JavaThread "Unconstrained build operations Thread 10" [_thread_blocked, id=11964, stack(0x000000b5a6d00000,0x000000b5a6e00000)]
  0x0000027f1f698000 JavaThread "Unconstrained build operations Thread 11" [_thread_blocked, id=10772, stack(0x000000b5a6e00000,0x000000b5a6f00000)]
  0x0000027f1f69a000 JavaThread "Unconstrained build operations Thread 12" [_thread_blocked, id=6536, stack(0x000000b5a6f00000,0x000000b5a7000000)]
  0x0000027f1f696800 JavaThread "Unconstrained build operations Thread 13" [_thread_blocked, id=11092, stack(0x000000b5a7000000,0x000000b5a7100000)]
  0x0000027f1f69f800 JavaThread "Unconstrained build operations Thread 14" [_thread_blocked, id=4092, stack(0x000000b5a7100000,0x000000b5a7200000)]
  0x0000027f1f6a1000 JavaThread "Unconstrained build operations Thread 15" [_thread_blocked, id=5872, stack(0x000000b5a7200000,0x000000b5a7300000)]
  0x0000027f1f6a0800 JavaThread "Unconstrained build operations Thread 16" [_thread_blocked, id=12356, stack(0x000000b5a7300000,0x000000b5a7400000)]
  0x0000027f1f6a2000 JavaThread "Unconstrained build operations Thread 17" [_thread_blocked, id=16552, stack(0x000000b5a7400000,0x000000b5a7500000)]
  0x0000027f1f69f000 JavaThread "Unconstrained build operations Thread 18" [_thread_blocked, id=12952, stack(0x000000b5a7500000,0x000000b5a7600000)]
  0x0000027f1f69e000 JavaThread "Unconstrained build operations Thread 19" [_thread_blocked, id=14884, stack(0x000000b5a7600000,0x000000b5a7700000)]
  0x0000027f1f69d000 JavaThread "Unconstrained build operations Thread 20" [_thread_blocked, id=2956, stack(0x000000b5a7700000,0x000000b5a7800000)]
  0x0000027f1f6a3000 JavaThread "Unconstrained build operations Thread 21" [_thread_blocked, id=2580, stack(0x000000b5a7800000,0x000000b5a7900000)]
  0x0000027f1f6a3800 JavaThread "Unconstrained build operations Thread 22" [_thread_blocked, id=14000, stack(0x000000b5a7900000,0x000000b5a7a00000)]
  0x0000027f1edb2800 JavaThread "Unconstrained build operations Thread 23" [_thread_blocked, id=15184, stack(0x000000b5a7a00000,0x000000b5a7b00000)]
  0x0000027f1edb3800 JavaThread "Unconstrained build operations Thread 24" [_thread_blocked, id=2968, stack(0x000000b5a7b00000,0x000000b5a7c00000)]
  0x0000027f1edb5000 JavaThread "Unconstrained build operations Thread 25" [_thread_blocked, id=3668, stack(0x000000b5a7c00000,0x000000b5a7d00000)]
  0x0000027f1edb4800 JavaThread "Unconstrained build operations Thread 26" [_thread_blocked, id=9148, stack(0x000000b5a7d00000,0x000000b5a7e00000)]
  0x0000027f1edb6000 JavaThread "Unconstrained build operations Thread 27" [_thread_blocked, id=13060, stack(0x000000b5a7e00000,0x000000b5a7f00000)]
  0x0000027f1edb0800 JavaThread "Unconstrained build operations Thread 28" [_thread_blocked, id=13812, stack(0x000000b5a7f00000,0x000000b5a8000000)]
  0x0000027f1edb7000 JavaThread "Unconstrained build operations Thread 29" [_thread_blocked, id=11232, stack(0x000000b5a8000000,0x000000b5a8100000)]
  0x0000027f1edb2000 JavaThread "Unconstrained build operations Thread 30" [_thread_blocked, id=3904, stack(0x000000b5a8100000,0x000000b5a8200000)]
  0x0000027f1edb1000 JavaThread "Unconstrained build operations Thread 31" [_thread_blocked, id=13872, stack(0x000000b5a8200000,0x000000b5a8300000)]
  0x0000027f1edba000 JavaThread "Unconstrained build operations Thread 32" [_thread_blocked, id=1708, stack(0x000000b5a8300000,0x000000b5a8400000)]
  0x0000027f1edb9000 JavaThread "Unconstrained build operations Thread 33" [_thread_blocked, id=11100, stack(0x000000b5a8400000,0x000000b5a8500000)]
  0x0000027f1edbc800 JavaThread "Unconstrained build operations Thread 34" [_thread_blocked, id=11820, stack(0x000000b5a8500000,0x000000b5a8600000)]
  0x0000027f1edbb000 JavaThread "Unconstrained build operations Thread 35" [_thread_blocked, id=4044, stack(0x000000b5a8600000,0x000000b5a8700000)]
  0x0000027f1edbb800 JavaThread "Unconstrained build operations Thread 36" [_thread_blocked, id=1104, stack(0x000000b5a8700000,0x000000b5a8800000)]
  0x0000027f1edbd800 JavaThread "Unconstrained build operations Thread 37" [_thread_blocked, id=4080, stack(0x000000b5a8800000,0x000000b5a8900000)]
  0x0000027f1edb7800 JavaThread "Unconstrained build operations Thread 38" [_thread_blocked, id=4800, stack(0x000000b5a8900000,0x000000b5a8a00000)]
  0x0000027f1edbe000 JavaThread "Unconstrained build operations Thread 39" [_thread_blocked, id=704, stack(0x000000b5a8a00000,0x000000b5a8b00000)]
  0x0000027f1edb8800 JavaThread "Unconstrained build operations Thread 40" [_thread_blocked, id=10088, stack(0x000000b5a8b00000,0x000000b5a8c00000)]
  0x0000027f1edbf000 JavaThread "Unconstrained build operations Thread 41" [_thread_blocked, id=5420, stack(0x000000b5a8c00000,0x000000b5a8d00000)]
  0x0000027f1d5c3000 JavaThread "Unconstrained build operations Thread 42" [_thread_blocked, id=4408, stack(0x000000b5a8d00000,0x000000b5a8e00000)]
  0x0000027f1d5c7800 JavaThread "Unconstrained build operations Thread 43" [_thread_blocked, id=1264, stack(0x000000b5a8e00000,0x000000b5a8f00000)]
  0x0000027f1d5c4000 JavaThread "Unconstrained build operations Thread 44" [_thread_blocked, id=14652, stack(0x000000b5a8f00000,0x000000b5a9000000)]
  0x0000027f1d5c6800 JavaThread "Unconstrained build operations Thread 45" [_thread_blocked, id=4724, stack(0x000000b5a9000000,0x000000b5a9100000)]
  0x0000027f1d5c5000 JavaThread "Unconstrained build operations Thread 46" [_thread_blocked, id=6904, stack(0x000000b5a9100000,0x000000b5a9200000)]
  0x0000027f1d5c1800 JavaThread "Unconstrained build operations Thread 47" [_thread_blocked, id=9932, stack(0x000000b5a9200000,0x000000b5a9300000)]
  0x0000027f1d5c5800 JavaThread "Unconstrained build operations Thread 48" [_thread_blocked, id=14912, stack(0x000000b5a9300000,0x000000b5a9400000)]
  0x0000027f1d5c8000 JavaThread "Unconstrained build operations Thread 49" [_thread_blocked, id=10460, stack(0x000000b5a9400000,0x000000b5a9500000)]
  0x0000027f1d5c2800 JavaThread "Unconstrained build operations Thread 50" [_thread_blocked, id=1208, stack(0x000000b5a9500000,0x000000b5a9600000)]
  0x0000027f1d5c9800 JavaThread "Unconstrained build operations Thread 51" [_thread_blocked, id=11844, stack(0x000000b5a9600000,0x000000b5a9700000)]
  0x0000027f1d5c9000 JavaThread "Unconstrained build operations Thread 52" [_thread_blocked, id=6712, stack(0x000000b5a9700000,0x000000b5a9800000)]
  0x0000027f1d5d0000 JavaThread "Unconstrained build operations Thread 53" [_thread_blocked, id=13652, stack(0x000000b5a9800000,0x000000b5a9900000)]
  0x0000027f1d5cb800 JavaThread "Unconstrained build operations Thread 54" [_thread_blocked, id=2136, stack(0x000000b5a9900000,0x000000b5a9a00000)]
  0x0000027f1d5cd000 JavaThread "Unconstrained build operations Thread 55" [_thread_blocked, id=14204, stack(0x000000b5a9a00000,0x000000b5a9b00000)]
  0x0000027f1d5ca800 JavaThread "Unconstrained build operations Thread 56" [_thread_blocked, id=6776, stack(0x000000b5a9b00000,0x000000b5a9c00000)]
  0x0000027f1d5ce000 JavaThread "Unconstrained build operations Thread 57" [_thread_blocked, id=15932, stack(0x000000b5a9c00000,0x000000b5a9d00000)]
  0x0000027f1d5cc000 JavaThread "Unconstrained build operations Thread 58" [_thread_blocked, id=16508, stack(0x000000b5a9d00000,0x000000b5a9e00000)]
  0x0000027f1d5cf800 JavaThread "Unconstrained build operations Thread 59" [_thread_blocked, id=5892, stack(0x000000b5a9e00000,0x000000b5a9f00000)]
  0x0000027f1d5ce800 JavaThread "Unconstrained build operations Thread 60" [_thread_blocked, id=5704, stack(0x000000b5a9f00000,0x000000b5aa000000)]
  0x0000027f1f9d2800 JavaThread "Unconstrained build operations Thread 61" [_thread_blocked, id=4804, stack(0x000000b5aa000000,0x000000b5aa100000)]
  0x0000027f1f9d3000 JavaThread "Unconstrained build operations Thread 62" [_thread_blocked, id=16972, stack(0x000000b5aa100000,0x000000b5aa200000)]
  0x0000027f1f9d1800 JavaThread "Unconstrained build operations Thread 63" [_thread_blocked, id=4884, stack(0x000000b5aa200000,0x000000b5aa300000)]
  0x0000027f1f9d4000 JavaThread "Unconstrained build operations Thread 64" [_thread_blocked, id=15156, stack(0x000000b5aa300000,0x000000b5aa400000)]
  0x0000027f1f9d5000 JavaThread "Unconstrained build operations Thread 65" [_thread_blocked, id=7684, stack(0x000000b5aa400000,0x000000b5aa500000)]
  0x0000027f1f9cf000 JavaThread "Unconstrained build operations Thread 66" [_thread_blocked, id=12052, stack(0x000000b5aa500000,0x000000b5aa600000)]
  0x0000027f1f9d5800 JavaThread "Unconstrained build operations Thread 67" [_thread_blocked, id=13168, stack(0x000000b5aa600000,0x000000b5aa700000)]
  0x0000027f1f9d0000 JavaThread "Unconstrained build operations Thread 68" [_thread_blocked, id=6376, stack(0x000000b5aa700000,0x000000b5aa800000)]
  0x0000027f1f9d6800 JavaThread "Unconstrained build operations Thread 69" [_thread_blocked, id=2008, stack(0x000000b5aa800000,0x000000b5aa900000)]
  0x0000027f1f9d0800 JavaThread "Unconstrained build operations Thread 70" [_thread_blocked, id=13204, stack(0x000000b5aa900000,0x000000b5aaa00000)]
  0x0000027f1f9d9800 JavaThread "Unconstrained build operations Thread 71" [_thread_blocked, id=8740, stack(0x000000b5aaa00000,0x000000b5aab00000)]
  0x0000027f1f9d8000 JavaThread "Unconstrained build operations Thread 72" [_thread_blocked, id=16716, stack(0x000000b5aab00000,0x000000b5aac00000)]
  0x0000027f1f9dc000 JavaThread "Unconstrained build operations Thread 73" [_thread_blocked, id=14388, stack(0x000000b5aac00000,0x000000b5aad00000)]
  0x0000027f1f9d9000 JavaThread "Unconstrained build operations Thread 74" [_thread_blocked, id=10332, stack(0x000000b5aad00000,0x000000b5aae00000)]
  0x0000027f1f9da800 JavaThread "Unconstrained build operations Thread 75" [_thread_blocked, id=10336, stack(0x000000b5aae00000,0x000000b5aaf00000)]
  0x0000027f1f9db800 JavaThread "Unconstrained build operations Thread 76" [_thread_blocked, id=9124, stack(0x000000b5aaf00000,0x000000b5ab000000)]
  0x0000027f1f9dd000 JavaThread "Unconstrained build operations Thread 77" [_thread_blocked, id=1288, stack(0x000000b5ab000000,0x000000b5ab100000)]
  0x0000027f1f9d7800 JavaThread "Unconstrained build operations Thread 78" [_thread_blocked, id=15928, stack(0x000000b5ab100000,0x000000b5ab200000)]
  0x0000027f1f9de000 JavaThread "Unconstrained build operations Thread 79" [_thread_blocked, id=17204, stack(0x000000b5ab200000,0x000000b5ab300000)]
  0x0000027f200c7000 JavaThread "Unconstrained build operations Thread 80" [_thread_blocked, id=2860, stack(0x000000b5ab300000,0x000000b5ab400000)]
  0x0000027f1d438000 JavaThread "C2 CompilerThread1" daemon [_thread_blocked, id=2372, stack(0x000000b5a5a00000,0x000000b5a5b00000)]
  0x0000027f200c8800 JavaThread "build event listener" [_thread_blocked, id=4448, stack(0x000000b5a6200000,0x000000b5a6300000)]
  0x0000027f200c6000 JavaThread "Memory manager" [_thread_blocked, id=5876, stack(0x000000b5ab400000,0x000000b5ab500000)]

Other Threads:
  0x0000027f1b647800 VMThread "VM Thread" [stack: 0x000000b5a2f00000,0x000000b5a3000000] [id=9172]
  0x0000027f1c14a000 WatcherThread [stack: 0x000000b5a3900000,0x000000b5a3a00000] [id=11128]
  0x0000027f7f1fd000 GCTaskThread "GC Thread#0" [stack: 0x000000b5a2a00000,0x000000b5a2b00000] [id=11484]
  0x0000027f1cef7800 GCTaskThread "GC Thread#1" [stack: 0x000000b5a3c00000,0x000000b5a3d00000] [id=17232]
  0x0000027f1cb9e800 GCTaskThread "GC Thread#2" [stack: 0x000000b5a3d00000,0x000000b5a3e00000] [id=16608]
  0x0000027f1e3c1800 GCTaskThread "GC Thread#3" [stack: 0x000000b5a4800000,0x000000b5a4900000] [id=8652]
  0x0000027f1f3ef800 GCTaskThread "GC Thread#4" [stack: 0x000000b5a4900000,0x000000b5a4a00000] [id=2648]
  0x0000027f1e8e4800 GCTaskThread "GC Thread#5" [stack: 0x000000b5a4a00000,0x000000b5a4b00000] [id=14824]
  0x0000027f1e5bb800 GCTaskThread "GC Thread#6" [stack: 0x000000b5a4b00000,0x000000b5a4c00000] [id=16420]
  0x0000027f1c4e3800 GCTaskThread "GC Thread#7" [stack: 0x000000b5a4c00000,0x000000b5a4d00000] [id=8152]
  0x0000027f7f231800 ConcurrentGCThread "G1 Main Marker" [stack: 0x000000b5a2b00000,0x000000b5a2c00000] [id=11000]
  0x0000027f7f235000 ConcurrentGCThread "G1 Conc#0" [stack: 0x000000b5a2c00000,0x000000b5a2d00000] [id=7396]
  0x0000027f1e3b9000 ConcurrentGCThread "G1 Conc#1" [stack: 0x000000b5a4e00000,0x000000b5a4f00000] [id=6616]
  0x0000027f7f2be000 ConcurrentGCThread "G1 Refine#0" [stack: 0x000000b5a2d00000,0x000000b5a2e00000] [id=2012]
  0x0000027f1b496800 ConcurrentGCThread "G1 Young RemSet Sampling" [stack: 0x000000b5a2e00000,0x000000b5a2f00000] [id=12600]

Threads with active compile tasks:
C2 CompilerThread0    23997 7792 %     4       org.gradle.internal.instantiation.generator.AbstractClassGenerator::inspectType @ 107 (560 bytes)

VM state:not at safepoint (normal execution)

VM Mutex/Monitor currently owned by a thread: None

Heap address: 0x0000000080000000, size: 2048 MB, Compressed Oops mode: 32-bit
Narrow klass base: 0x0000000000000000, Narrow klass shift: 3
Compressed class space size: 1073741824 Address: 0x0000000100000000

Heap:
 garbage-first heap   total 157696K, used 97080K [0x0000000080000000, 0x0000000100000000)
  region size 1024K, 38 young (38912K), 8 survivors (8192K)
 Metaspace       used 76633K, capacity 78461K, committed 78620K, reserved 1118208K
  class space    used 9792K, capacity 10524K, committed 10648K, reserved 1048576K
Heap Regions: E=young(eden), S=young(survivor), O=old, HS=humongous(starts), HC=humongous(continues), CS=collection set, F=free, A=archive, TAMS=top-at-mark-start (previous, next)
|   0|0x0000000080000000, 0x0000000080100000, 0x0000000080100000|100%| O|  |TAMS 0x0000000080100000, 0x0000000080000000| Untracked 
|   1|0x0000000080100000, 0x0000000080200000, 0x0000000080200000|100%| O|  |TAMS 0x0000000080200000, 0x0000000080100000| Untracked 
|   2|0x0000000080200000, 0x0000000080300000, 0x0000000080300000|100%| O|  |TAMS 0x0000000080300000, 0x0000000080200000| Untracked 
|   3|0x0000000080300000, 0x0000000080400000, 0x0000000080400000|100%|HS|  |TAMS 0x0000000080400000, 0x0000000080300000| Complete 
|   4|0x0000000080400000, 0x0000000080500000, 0x0000000080500000|100%|HC|  |TAMS 0x0000000080500000, 0x0000000080400000| Complete 
|   5|0x0000000080500000, 0x0000000080600000, 0x0000000080600000|100%|HC|  |TAMS 0x0000000080600000, 0x0000000080500000| Complete 
|   6|0x0000000080600000, 0x0000000080700000, 0x0000000080700000|100%| O|  |TAMS 0x0000000080700000, 0x0000000080600000| Untracked 
|   7|0x0000000080700000, 0x0000000080800000, 0x0000000080800000|100%| O|  |TAMS 0x0000000080800000, 0x0000000080700000| Untracked 
|   8|0x0000000080800000, 0x0000000080900000, 0x0000000080900000|100%| O|  |TAMS 0x0000000080900000, 0x0000000080800000| Untracked 
|   9|0x0000000080900000, 0x0000000080a00000, 0x0000000080a00000|100%| O|  |TAMS 0x0000000080a00000, 0x0000000080900000| Untracked 
|  10|0x0000000080a00000, 0x0000000080b00000, 0x0000000080b00000|100%| O|  |TAMS 0x0000000080b00000, 0x0000000080a00000| Untracked 
|  11|0x0000000080b00000, 0x0000000080c00000, 0x0000000080c00000|100%| O|  |TAMS 0x0000000080c00000, 0x0000000080b00000| Untracked 
|  12|0x0000000080c00000, 0x0000000080d00000, 0x0000000080d00000|100%| O|  |TAMS 0x0000000080d00000, 0x0000000080c00000| Untracked 
|  13|0x0000000080d00000, 0x0000000080e00000, 0x0000000080e00000|100%| O|  |TAMS 0x0000000080e00000, 0x0000000080d00000| Untracked 
|  14|0x0000000080e00000, 0x0000000080f00000, 0x0000000080f00000|100%| O|  |TAMS 0x0000000080f00000, 0x0000000080e00000| Untracked 
|  15|0x0000000080f00000, 0x0000000081000000, 0x0000000081000000|100%| O|  |TAMS 0x0000000081000000, 0x0000000080f00000| Untracked 
|  16|0x0000000081000000, 0x0000000081100000, 0x0000000081100000|100%| O|  |TAMS 0x0000000081100000, 0x0000000081000000| Untracked 
|  17|0x0000000081100000, 0x0000000081200000, 0x0000000081200000|100%| O|  |TAMS 0x0000000081200000, 0x0000000081100000| Untracked 
|  18|0x0000000081200000, 0x0000000081300000, 0x0000000081300000|100%| O|  |TAMS 0x0000000081300000, 0x0000000081200000| Untracked 
|  19|0x0000000081300000, 0x0000000081400000, 0x0000000081400000|100%| O|  |TAMS 0x0000000081400000, 0x0000000081300000| Untracked 
|  20|0x0000000081400000, 0x0000000081500000, 0x0000000081500000|100%| O|  |TAMS 0x0000000081500000, 0x0000000081400000| Untracked 
|  21|0x0000000081500000, 0x0000000081600000, 0x0000000081600000|100%| O|  |TAMS 0x0000000081600000, 0x0000000081500000| Untracked 
|  22|0x0000000081600000, 0x0000000081700000, 0x0000000081700000|100%| O|  |TAMS 0x0000000081700000, 0x0000000081600000| Untracked 
|  23|0x0000000081700000, 0x0000000081800000, 0x0000000081800000|100%| O|  |TAMS 0x0000000081800000, 0x0000000081700000| Untracked 
|  24|0x0000000081800000, 0x0000000081900000, 0x0000000081900000|100%|HS|  |TAMS 0x0000000081900000, 0x0000000081800000| Complete 
|  25|0x0000000081900000, 0x0000000081a00000, 0x0000000081a00000|100%| O|  |TAMS 0x0000000081a00000, 0x0000000081900000| Untracked 
|  26|0x0000000081a00000, 0x0000000081b00000, 0x0000000081b00000|100%| O|  |TAMS 0x0000000081b00000, 0x0000000081a00000| Untracked 
|  27|0x0000000081b00000, 0x0000000081c00000, 0x0000000081c00000|100%| O|  |TAMS 0x0000000081c00000, 0x0000000081b00000| Untracked 
|  28|0x0000000081c00000, 0x0000000081d00000, 0x0000000081d00000|100%| O|  |TAMS 0x0000000081d00000, 0x0000000081c00000| Untracked 
|  29|0x0000000081d00000, 0x0000000081e00000, 0x0000000081e00000|100%|HS|  |TAMS 0x0000000081e00000, 0x0000000081d00000| Complete 
|  30|0x0000000081e00000, 0x0000000081f00000, 0x0000000081f00000|100%|HS|  |TAMS 0x0000000081f00000, 0x0000000081e00000| Complete 
|  31|0x0000000081f00000, 0x0000000082000000, 0x0000000082000000|100%|HC|  |TAMS 0x0000000082000000, 0x0000000081f00000| Complete 
|  32|0x0000000082000000, 0x0000000082100000, 0x0000000082100000|100%|HS|  |TAMS 0x0000000082100000, 0x0000000082000000| Complete 
|  33|0x0000000082100000, 0x0000000082200000, 0x0000000082200000|100%|HC|  |TAMS 0x0000000082200000, 0x0000000082100000| Complete 
|  34|0x0000000082200000, 0x0000000082300000, 0x0000000082300000|100%|HC|  |TAMS 0x0000000082300000, 0x0000000082200000| Complete 
|  35|0x0000000082300000, 0x0000000082400000, 0x0000000082400000|100%|HC|  |TAMS 0x0000000082400000, 0x0000000082300000| Complete 
|  36|0x0000000082400000, 0x0000000082500000, 0x0000000082500000|100%| O|  |TAMS 0x0000000082500000, 0x0000000082400000| Untracked 
|  37|0x0000000082500000, 0x0000000082600000, 0x0000000082600000|100%| O|  |TAMS 0x0000000082600000, 0x0000000082500000| Untracked 
|  38|0x0000000082600000, 0x0000000082700000, 0x0000000082700000|100%| O|  |TAMS 0x0000000082700000, 0x0000000082600000| Untracked 
|  39|0x0000000082700000, 0x0000000082800000, 0x0000000082800000|100%| O|  |TAMS 0x0000000082800000, 0x0000000082700000| Untracked 
|  40|0x0000000082800000, 0x0000000082900000, 0x0000000082900000|100%| O|  |TAMS 0x0000000082900000, 0x0000000082800000| Untracked 
|  41|0x0000000082900000, 0x0000000082a00000, 0x0000000082a00000|100%| O|  |TAMS 0x0000000082a00000, 0x0000000082900000| Untracked 
|  42|0x0000000082a00000, 0x0000000082b00000, 0x0000000082b00000|100%| O|  |TAMS 0x0000000082b00000, 0x0000000082a00000| Untracked 
|  43|0x0000000082b00000, 0x0000000082c00000, 0x0000000082c00000|100%| O|  |TAMS 0x0000000082c00000, 0x0000000082b00000| Untracked 
|  44|0x0000000082c00000, 0x0000000082d00000, 0x0000000082d00000|100%| O|  |TAMS 0x0000000082d00000, 0x0000000082c00000| Untracked 
|  45|0x0000000082d00000, 0x0000000082e00000, 0x0000000082e00000|100%| O|  |TAMS 0x0000000082e00000, 0x0000000082d00000| Untracked 
|  46|0x0000000082e00000, 0x0000000082f00000, 0x0000000082f00000|100%| O|  |TAMS 0x0000000082f00000, 0x0000000082e00000| Untracked 
|  47|0x0000000082f00000, 0x0000000082f8a200, 0x0000000083000000| 53%| O|  |TAMS 0x0000000082f8a200, 0x0000000082f00000| Untracked 
|  48|0x0000000083000000, 0x0000000083000000, 0x0000000083100000|  0%| F|  |TAMS 0x0000000083000000, 0x0000000083000000| Untracked 
|  49|0x0000000083100000, 0x0000000083100000, 0x0000000083200000|  0%| F|  |TAMS 0x0000000083100000, 0x0000000083100000| Untracked 
|  50|0x0000000083200000, 0x0000000083300000, 0x0000000083300000|100%| O|  |TAMS 0x0000000083300000, 0x0000000083200000| Untracked 
|  51|0x0000000083300000, 0x0000000083400000, 0x0000000083400000|100%| O|  |TAMS 0x0000000083400000, 0x0000000083300000| Untracked 
|  52|0x0000000083400000, 0x0000000083500000, 0x0000000083500000|100%| O|  |TAMS 0x0000000083500000, 0x0000000083400000| Untracked 
|  53|0x0000000083500000, 0x0000000083600000, 0x0000000083600000|100%| O|  |TAMS 0x0000000083600000, 0x0000000083500000| Untracked 
|  54|0x0000000083600000, 0x0000000083700000, 0x0000000083700000|100%| O|  |TAMS 0x0000000083700000, 0x0000000083600000| Untracked 
|  55|0x0000000083700000, 0x0000000083800000, 0x0000000083800000|100%| O|  |TAMS 0x0000000083800000, 0x0000000083700000| Untracked 
|  56|0x0000000083800000, 0x0000000083900000, 0x0000000083900000|100%| O|  |TAMS 0x0000000083900000, 0x0000000083800000| Untracked 
|  57|0x0000000083900000, 0x0000000083a00000, 0x0000000083a00000|100%| O|  |TAMS 0x0000000083a00000, 0x0000000083900000| Untracked 
|  58|0x0000000083a00000, 0x0000000083b00000, 0x0000000083b00000|100%| O|  |TAMS 0x0000000083b00000, 0x0000000083a00000| Untracked 
|  59|0x0000000083b00000, 0x0000000083c00000, 0x0000000083c00000|100%| O|  |TAMS 0x0000000083c00000, 0x0000000083b00000| Untracked 
|  60|0x0000000083c00000, 0x0000000083d00000, 0x0000000083d00000|100%| O|  |TAMS 0x0000000083d00000, 0x0000000083c00000| Untracked 
|  61|0x0000000083d00000, 0x0000000083d00000, 0x0000000083e00000|  0%| F|  |TAMS 0x0000000083d00000, 0x0000000083d00000| Untracked 
|  62|0x0000000083e00000, 0x0000000083e00000, 0x0000000083f00000|  0%| F|  |TAMS 0x0000000083e00000, 0x0000000083e00000| Untracked 
|  63|0x0000000083f00000, 0x0000000083f00000, 0x0000000084000000|  0%| F|  |TAMS 0x0000000083f00000, 0x0000000083f00000| Untracked 
|  64|0x0000000084000000, 0x0000000084000000, 0x0000000084100000|  0%| F|  |TAMS 0x0000000084000000, 0x0000000084000000| Untracked 
|  65|0x0000000084100000, 0x0000000084100000, 0x0000000084200000|  0%| F|  |TAMS 0x0000000084100000, 0x0000000084100000| Untracked 
|  66|0x0000000084200000, 0x0000000084200000, 0x0000000084300000|  0%| F|  |TAMS 0x0000000084200000, 0x0000000084200000| Untracked 
|  67|0x0000000084300000, 0x0000000084300000, 0x0000000084400000|  0%| F|  |TAMS 0x0000000084300000, 0x0000000084300000| Untracked 
|  68|0x0000000084400000, 0x0000000084400000, 0x0000000084500000|  0%| F|  |TAMS 0x0000000084400000, 0x0000000084400000| Untracked 
|  69|0x0000000084500000, 0x0000000084500000, 0x0000000084600000|  0%| F|  |TAMS 0x0000000084500000, 0x0000000084500000| Untracked 
|  70|0x0000000084600000, 0x0000000084600000, 0x0000000084700000|  0%| F|  |TAMS 0x0000000084600000, 0x0000000084600000| Untracked 
|  71|0x0000000084700000, 0x0000000084700000, 0x0000000084800000|  0%| F|  |TAMS 0x0000000084700000, 0x0000000084700000| Untracked 
|  72|0x0000000084800000, 0x0000000084800000, 0x0000000084900000|  0%| F|  |TAMS 0x0000000084800000, 0x0000000084800000| Untracked 
|  73|0x0000000084900000, 0x0000000084900000, 0x0000000084a00000|  0%| F|  |TAMS 0x0000000084900000, 0x0000000084900000| Untracked 
|  74|0x0000000084a00000, 0x0000000084a00000, 0x0000000084b00000|  0%| F|  |TAMS 0x0000000084a00000, 0x0000000084a00000| Untracked 
|  75|0x0000000084b00000, 0x0000000084b00000, 0x0000000084c00000|  0%| F|  |TAMS 0x0000000084b00000, 0x0000000084b00000| Untracked 
|  76|0x0000000084c00000, 0x0000000084c00000, 0x0000000084d00000|  0%| F|  |TAMS 0x0000000084c00000, 0x0000000084c00000| Untracked 
|  77|0x0000000084d00000, 0x0000000084d00000, 0x0000000084e00000|  0%| F|  |TAMS 0x0000000084d00000, 0x0000000084d00000| Untracked 
|  78|0x0000000084e00000, 0x0000000084e00000, 0x0000000084f00000|  0%| F|  |TAMS 0x0000000084e00000, 0x0000000084e00000| Untracked 
|  79|0x0000000084f00000, 0x0000000084f00000, 0x0000000085000000|  0%| F|  |TAMS 0x0000000084f00000, 0x0000000084f00000| Untracked 
|  80|0x0000000085000000, 0x0000000085000000, 0x0000000085100000|  0%| F|  |TAMS 0x0000000085000000, 0x0000000085000000| Untracked 
|  81|0x0000000085100000, 0x0000000085100000, 0x0000000085200000|  0%| F|  |TAMS 0x0000000085100000, 0x0000000085100000| Untracked 
|  82|0x0000000085200000, 0x0000000085200000, 0x0000000085300000|  0%| F|  |TAMS 0x0000000085200000, 0x0000000085200000| Untracked 
|  83|0x0000000085300000, 0x0000000085300000, 0x0000000085400000|  0%| F|  |TAMS 0x0000000085300000, 0x0000000085300000| Untracked 
|  84|0x0000000085400000, 0x0000000085400000, 0x0000000085500000|  0%| F|  |TAMS 0x0000000085400000, 0x0000000085400000| Untracked 
|  85|0x0000000085500000, 0x00000000855440a0, 0x0000000085600000| 26%| S|CS|TAMS 0x0000000085500000, 0x0000000085500000| Complete 
|  86|0x0000000085600000, 0x0000000085700000, 0x0000000085700000|100%| S|CS|TAMS 0x0000000085600000, 0x0000000085600000| Complete 
|  87|0x0000000085700000, 0x0000000085800000, 0x0000000085800000|100%| S|CS|TAMS 0x0000000085700000, 0x0000000085700000| Complete 
|  88|0x0000000085800000, 0x0000000085900000, 0x0000000085900000|100%| S|CS|TAMS 0x0000000085800000, 0x0000000085800000| Complete 
|  89|0x0000000085900000, 0x0000000085a00000, 0x0000000085a00000|100%| S|CS|TAMS 0x0000000085900000, 0x0000000085900000| Complete 
|  90|0x0000000085a00000, 0x0000000085b00000, 0x0000000085b00000|100%| S|CS|TAMS 0x0000000085a00000, 0x0000000085a00000| Complete 
|  91|0x0000000085b00000, 0x0000000085c00000, 0x0000000085c00000|100%| S|CS|TAMS 0x0000000085b00000, 0x0000000085b00000| Complete 
|  92|0x0000000085c00000, 0x0000000085c00000, 0x0000000085d00000|  0%| F|  |TAMS 0x0000000085c00000, 0x0000000085c00000| Untracked 
|  93|0x0000000085d00000, 0x0000000085d00000, 0x0000000085e00000|  0%| F|  |TAMS 0x0000000085d00000, 0x0000000085d00000| Untracked 
|  94|0x0000000085e00000, 0x0000000085e00000, 0x0000000085f00000|  0%| F|  |TAMS 0x0000000085e00000, 0x0000000085e00000| Untracked 
|  95|0x0000000085f00000, 0x0000000085f00000, 0x0000000086000000|  0%| F|  |TAMS 0x0000000085f00000, 0x0000000085f00000| Untracked 
|  96|0x0000000086000000, 0x0000000086100000, 0x0000000086100000|100%| S|CS|TAMS 0x0000000086000000, 0x0000000086000000| Complete 
|  97|0x0000000086100000, 0x0000000086100000, 0x0000000086200000|  0%| F|  |TAMS 0x0000000086100000, 0x0000000086100000| Untracked 
|  98|0x0000000086200000, 0x0000000086200000, 0x0000000086300000|  0%| F|  |TAMS 0x0000000086200000, 0x0000000086200000| Untracked 
|  99|0x0000000086300000, 0x0000000086300000, 0x0000000086400000|  0%| F|  |TAMS 0x0000000086300000, 0x0000000086300000| Untracked 
| 100|0x0000000086400000, 0x0000000086400000, 0x0000000086500000|  0%| F|  |TAMS 0x0000000086400000, 0x0000000086400000| Untracked 
| 101|0x0000000086500000, 0x0000000086500000, 0x0000000086600000|  0%| F|  |TAMS 0x0000000086500000, 0x0000000086500000| Untracked 
| 102|0x0000000086600000, 0x0000000086600000, 0x0000000086700000|  0%| F|  |TAMS 0x0000000086600000, 0x0000000086600000| Untracked 
| 103|0x0000000086700000, 0x0000000086700000, 0x0000000086800000|  0%| F|  |TAMS 0x0000000086700000, 0x0000000086700000| Untracked 
| 104|0x0000000086800000, 0x0000000086800000, 0x0000000086900000|  0%| F|  |TAMS 0x0000000086800000, 0x0000000086800000| Untracked 
| 105|0x0000000086900000, 0x0000000086900000, 0x0000000086a00000|  0%| F|  |TAMS 0x0000000086900000, 0x0000000086900000| Untracked 
| 106|0x0000000086a00000, 0x0000000086a00000, 0x0000000086b00000|  0%| F|  |TAMS 0x0000000086a00000, 0x0000000086a00000| Untracked 
| 107|0x0000000086b00000, 0x0000000086b00000, 0x0000000086c00000|  0%| F|  |TAMS 0x0000000086b00000, 0x0000000086b00000| Untracked 
| 108|0x0000000086c00000, 0x0000000086c00000, 0x0000000086d00000|  0%| F|  |TAMS 0x0000000086c00000, 0x0000000086c00000| Untracked 
| 109|0x0000000086d00000, 0x0000000086d00000, 0x0000000086e00000|  0%| F|  |TAMS 0x0000000086d00000, 0x0000000086d00000| Untracked 
| 110|0x0000000086e00000, 0x0000000086e00000, 0x0000000086f00000|  0%| F|  |TAMS 0x0000000086e00000, 0x0000000086e00000| Untracked 
| 111|0x0000000086f00000, 0x0000000086f00000, 0x0000000087000000|  0%| F|  |TAMS 0x0000000086f00000, 0x0000000086f00000| Untracked 
| 112|0x0000000087000000, 0x0000000087000000, 0x0000000087100000|  0%| F|  |TAMS 0x0000000087000000, 0x0000000087000000| Untracked 
| 113|0x0000000087100000, 0x0000000087100000, 0x0000000087200000|  0%| F|  |TAMS 0x0000000087100000, 0x0000000087100000| Untracked 
| 114|0x0000000087200000, 0x0000000087200000, 0x0000000087300000|  0%| F|  |TAMS 0x0000000087200000, 0x0000000087200000| Untracked 
| 115|0x0000000087300000, 0x0000000087300000, 0x0000000087400000|  0%| F|  |TAMS 0x0000000087300000, 0x0000000087300000| Untracked 
| 116|0x0000000087400000, 0x0000000087400000, 0x0000000087500000|  0%| F|  |TAMS 0x0000000087400000, 0x0000000087400000| Untracked 
| 117|0x0000000087500000, 0x0000000087500000, 0x0000000087600000|  0%| F|  |TAMS 0x0000000087500000, 0x0000000087500000| Untracked 
| 118|0x0000000087600000, 0x0000000087600000, 0x0000000087700000|  0%| F|  |TAMS 0x0000000087600000, 0x0000000087600000| Untracked 
| 119|0x0000000087700000, 0x0000000087700000, 0x0000000087800000|  0%| F|  |TAMS 0x0000000087700000, 0x0000000087700000| Untracked 
| 120|0x0000000087800000, 0x0000000087800000, 0x0000000087900000|  0%| F|  |TAMS 0x0000000087800000, 0x0000000087800000| Untracked 
| 121|0x0000000087900000, 0x0000000087900000, 0x0000000087a00000|  0%| F|  |TAMS 0x0000000087900000, 0x0000000087900000| Untracked 
| 122|0x0000000087a00000, 0x0000000087a00000, 0x0000000087b00000|  0%| F|  |TAMS 0x0000000087a00000, 0x0000000087a00000| Untracked 
| 123|0x0000000087b00000, 0x0000000087b00000, 0x0000000087c00000|  0%| F|  |TAMS 0x0000000087b00000, 0x0000000087b00000| Untracked 
| 124|0x0000000087c00000, 0x0000000087c808e8, 0x0000000087d00000| 50%| E|  |TAMS 0x0000000087c00000, 0x0000000087c00000| Complete 
| 125|0x0000000087d00000, 0x0000000087e00000, 0x0000000087e00000|100%| E|CS|TAMS 0x0000000087d00000, 0x0000000087d00000| Complete 
| 126|0x0000000087e00000, 0x0000000087f00000, 0x0000000087f00000|100%| E|CS|TAMS 0x0000000087e00000, 0x0000000087e00000| Complete 
| 127|0x0000000087f00000, 0x0000000088000000, 0x0000000088000000|100%| E|CS|TAMS 0x0000000087f00000, 0x0000000087f00000| Complete 
| 128|0x0000000088000000, 0x0000000088100000, 0x0000000088100000|100%| E|CS|TAMS 0x0000000088000000, 0x0000000088000000| Complete 
| 129|0x0000000088100000, 0x0000000088200000, 0x0000000088200000|100%| E|CS|TAMS 0x0000000088100000, 0x0000000088100000| Complete 
| 130|0x0000000088200000, 0x0000000088300000, 0x0000000088300000|100%| E|CS|TAMS 0x0000000088200000, 0x0000000088200000| Complete 
| 131|0x0000000088300000, 0x0000000088400000, 0x0000000088400000|100%| E|CS|TAMS 0x0000000088300000, 0x0000000088300000| Complete 
| 132|0x0000000088400000, 0x0000000088500000, 0x0000000088500000|100%| E|CS|TAMS 0x0000000088400000, 0x0000000088400000| Complete 
| 133|0x0000000088500000, 0x0000000088600000, 0x0000000088600000|100%| E|CS|TAMS 0x0000000088500000, 0x0000000088500000| Complete 
| 134|0x0000000088600000, 0x0000000088700000, 0x0000000088700000|100%| E|CS|TAMS 0x0000000088600000, 0x0000000088600000| Complete 
| 135|0x0000000088700000, 0x0000000088800000, 0x0000000088800000|100%| E|CS|TAMS 0x0000000088700000, 0x0000000088700000| Complete 
| 136|0x0000000088800000, 0x0000000088900000, 0x0000000088900000|100%| E|CS|TAMS 0x0000000088800000, 0x0000000088800000| Complete 
| 137|0x0000000088900000, 0x0000000088a00000, 0x0000000088a00000|100%| E|CS|TAMS 0x0000000088900000, 0x0000000088900000| Complete 
| 138|0x0000000088a00000, 0x0000000088b00000, 0x0000000088b00000|100%| E|CS|TAMS 0x0000000088a00000, 0x0000000088a00000| Complete 
| 139|0x0000000088b00000, 0x0000000088c00000, 0x0000000088c00000|100%| E|CS|TAMS 0x0000000088b00000, 0x0000000088b00000| Complete 
| 140|0x0000000088c00000, 0x0000000088d00000, 0x0000000088d00000|100%| E|CS|TAMS 0x0000000088c00000, 0x0000000088c00000| Complete 
| 141|0x0000000088d00000, 0x0000000088e00000, 0x0000000088e00000|100%| E|CS|TAMS 0x0000000088d00000, 0x0000000088d00000| Complete 
| 142|0x0000000088e00000, 0x0000000088f00000, 0x0000000088f00000|100%| E|CS|TAMS 0x0000000088e00000, 0x0000000088e00000| Complete 
| 143|0x0000000088f00000, 0x0000000089000000, 0x0000000089000000|100%| E|CS|TAMS 0x0000000088f00000, 0x0000000088f00000| Complete 
| 144|0x0000000089000000, 0x0000000089100000, 0x0000000089100000|100%| E|CS|TAMS 0x0000000089000000, 0x0000000089000000| Complete 
| 145|0x0000000089100000, 0x0000000089200000, 0x0000000089200000|100%| E|CS|TAMS 0x0000000089100000, 0x0000000089100000| Complete 
| 146|0x0000000089200000, 0x0000000089300000, 0x0000000089300000|100%| E|CS|TAMS 0x0000000089200000, 0x0000000089200000| Complete 
| 147|0x0000000089300000, 0x0000000089400000, 0x0000000089400000|100%| E|CS|TAMS 0x0000000089300000, 0x0000000089300000| Complete 
| 148|0x0000000089400000, 0x0000000089500000, 0x0000000089500000|100%| E|CS|TAMS 0x0000000089400000, 0x0000000089400000| Complete 
| 149|0x0000000089500000, 0x0000000089600000, 0x0000000089600000|100%| E|CS|TAMS 0x0000000089500000, 0x0000000089500000| Complete 
| 150|0x0000000089600000, 0x0000000089700000, 0x0000000089700000|100%| E|CS|TAMS 0x0000000089600000, 0x0000000089600000| Complete 
| 151|0x0000000089700000, 0x0000000089800000, 0x0000000089800000|100%| E|CS|TAMS 0x0000000089700000, 0x0000000089700000| Complete 
| 152|0x0000000089800000, 0x0000000089900000, 0x0000000089900000|100%| E|CS|TAMS 0x0000000089800000, 0x0000000089800000| Complete 
| 153|0x0000000089900000, 0x0000000089a00000, 0x0000000089a00000|100%| E|CS|TAMS 0x0000000089900000, 0x0000000089900000| Complete 

Card table byte_map: [0x0000027f14370000,0x0000027f14770000] _byte_map_base: 0x0000027f13f70000

Marking Bits (Prev, Next): (CMBitMap*) 0x0000027f7f228dd8, (CMBitMap*) 0x0000027f7f228e10
 Prev Bits: [0x0000027f14b70000, 0x0000027f16b70000)
 Next Bits: [0x0000027f16b70000, 0x0000027f18b70000)

Polling page: 0x0000027f7f2c0000

Metaspace:

Usage:
  Non-class:     66.34 MB capacity,    65.28 MB ( 98%) used,   882.70 KB (  1%) free+waste,   203.38 KB ( <1%) overhead. 
      Class:     10.28 MB capacity,     9.56 MB ( 93%) used,   634.51 KB (  6%) free+waste,    95.12 KB ( <1%) overhead. 
       Both:     76.62 MB capacity,    74.85 MB ( 98%) used,     1.48 MB (  2%) free+waste,   298.50 KB ( <1%) overhead. 

Virtual space:
  Non-class space:       68.00 MB reserved,      66.38 MB ( 98%) committed 
      Class space:        1.00 GB reserved,      10.40 MB (  1%) committed 
             Both:        1.07 GB reserved,      76.78 MB (  7%) committed 

Chunk freelists:
   Non-Class:  35.00 KB
       Class:  4.00 KB
        Both:  39.00 KB

MaxMetaspaceSize: 17179869184.00 GB
CompressedClassSpaceSize: 1.00 GB
Initial GC threshold: 20.80 MB
Current GC threshold: 114.63 MB
CDS: off

CodeHeap 'non-profiled nmethods': size=120000Kb used=5031Kb max_used=5031Kb free=114968Kb
 bounds [0x0000027f0c930000, 0x0000027f0ce20000, 0x0000027f13e60000]
CodeHeap 'profiled nmethods': size=120000Kb used=16677Kb max_used=16677Kb free=103322Kb
 bounds [0x0000027f05400000, 0x0000027f06450000, 0x0000027f0c930000]
CodeHeap 'non-nmethods': size=5760Kb used=2386Kb max_used=2428Kb free=3373Kb
 bounds [0x0000027f04e60000, 0x0000027f050d0000, 0x0000027f05400000]
 total_blobs=8718 nmethods=7808 adapters=822
 compilation: enabled
              stopped_count=0, restarted_count=0
 full_count=0

Compilation events (20 events):
Event: 23.772 Thread 0x0000027f1b66c000 nmethod 7834 0x0000027f06442510 code [0x0000027f064426c0, 0x0000027f06442868]
Event: 23.793 Thread 0x0000027f1b66c000 7835       3       org.gradle.api.internal.project.DefaultProject::getIdentityPath (10 bytes)
Event: 23.793 Thread 0x0000027f1b66c000 nmethod 7835 0x0000027f06442910 code [0x0000027f06442ac0, 0x0000027f06442c18]
Event: 23.805 Thread 0x0000027f1b66c000 7836       1       org.gradle.api.internal.project.DefaultProject::getGradle (5 bytes)
Event: 23.805 Thread 0x0000027f1b66c000 nmethod 7836 0x0000027f0ce16090 code [0x0000027f0ce16240, 0x0000027f0ce162f8]
Event: 23.806 Thread 0x0000027f1b66c000 7837       1       org.gradle.api.internal.DefaultNamedDomainObjectCollection$AbstractNamedDomainObjectProvider::getName (5 bytes)
Event: 23.806 Thread 0x0000027f1b66c000 nmethod 7837 0x0000027f0ce16390 code [0x0000027f0ce16540, 0x0000027f0ce165f8]
Event: 23.810 Thread 0x0000027f1b66c000 7838       1       org.gradle.api.internal.DefaultNamedDomainObjectCollection$AbstractNamedDomainObjectProvider::getType (5 bytes)
Event: 23.810 Thread 0x0000027f1b66c000 nmethod 7838 0x0000027f0ce16690 code [0x0000027f0ce16840, 0x0000027f0ce168f8]
Event: 23.820 Thread 0x0000027f1d438000 nmethod 7831 0x0000027f0ce16990 code [0x0000027f0ce16ba0, 0x0000027f0ce173e0]
Event: 23.820 Thread 0x0000027f1d438000 7820       4       java.lang.Character::toUpperCase (9 bytes)
Event: 23.822 Thread 0x0000027f1d438000 nmethod 7820 0x0000027f0ce17910 code [0x0000027f0ce17aa0, 0x0000027f0ce17b78]
Event: 23.822 Thread 0x0000027f1d438000 7806       4       java.util.TreeMap$ValueIterator::next (8 bytes)
Event: 23.829 Thread 0x0000027f1d438000 nmethod 7806 0x0000027f0ce17c90 code [0x0000027f0ce17e20, 0x0000027f0ce180d8]
Event: 23.829 Thread 0x0000027f1d438000 7807       4       org.objectweb.asm.MethodWriter::endCurrentBasicBlockWithNoSuccessor (94 bytes)
Event: 23.851 Thread 0x0000027f1d438000 nmethod 7807 0x0000027f0ce18290 code [0x0000027f0ce18460, 0x0000027f0ce18c58]
Event: 23.851 Thread 0x0000027f1d438000 7825       4       java.util.HashMap::afterNodeRemoval (1 bytes)
Event: 23.851 Thread 0x0000027f1d438000 nmethod 7825 0x0000027f0ce18f90 code [0x0000027f0ce19120, 0x0000027f0ce19178]
Event: 23.852 Thread 0x0000027f1b66c000 7839       3       org.gradle.api.internal.DefaultDomainObjectCollection::withMutationDisabled (11 bytes)
Event: 23.852 Thread 0x0000027f1b66c000 nmethod 7839 0x0000027f06442d10 code [0x0000027f06442ee0, 0x0000027f06443158]

GC Heap History (20 events):
Event: 9.372 GC heap before
{Heap before GC invocations=6 (full 0):
 garbage-first heap   total 131072K, used 28525K [0x0000000080000000, 0x0000000100000000)
  region size 1024K, 13 young (13312K), 5 survivors (5120K)
 Metaspace       used 35106K, capacity 35958K, committed 36048K, reserved 1081344K
  class space    used 4574K, capacity 4921K, committed 4940K, reserved 1048576K
}
Event: 9.387 GC heap after
{Heap after GC invocations=7 (full 0):
 garbage-first heap   total 131072K, used 22748K [0x0000000080000000, 0x0000000100000000)
  region size 1024K, 6 young (6144K), 6 survivors (6144K)
 Metaspace       used 35106K, capacity 35958K, committed 36048K, reserved 1081344K
  class space    used 4574K, capacity 4921K, committed 4940K, reserved 1048576K
}
Event: 11.014 GC heap before
{Heap before GC invocations=8 (full 0):
 garbage-first heap   total 131072K, used 77020K [0x0000000080000000, 0x0000000100000000)
  region size 1024K, 56 young (57344K), 6 survivors (6144K)
 Metaspace       used 40800K, capacity 41784K, committed 42140K, reserved 1085440K
  class space    used 5148K, capacity 5532K, committed 5656K, reserved 1048576K
}
Event: 11.036 GC heap after
{Heap after GC invocations=9 (full 0):
 garbage-first heap   total 131072K, used 27487K [0x0000000080000000, 0x0000000100000000)
  region size 1024K, 7 young (7168K), 7 survivors (7168K)
 Metaspace       used 40800K, capacity 41784K, committed 42140K, reserved 1085440K
  class space    used 5148K, capacity 5532K, committed 5656K, reserved 1048576K
}
Event: 12.288 GC heap before
{Heap before GC invocations=10 (full 0):
 garbage-first heap   total 131072K, used 79711K [0x0000000080000000, 0x0000000100000000)
  region size 1024K, 58 young (59392K), 7 survivors (7168K)
 Metaspace       used 44090K, capacity 45126K, committed 45212K, reserved 1089536K
  class space    used 5665K, capacity 6082K, committed 6168K, reserved 1048576K
}
Event: 12.303 GC heap after
{Heap after GC invocations=11 (full 0):
 garbage-first heap   total 131072K, used 31526K [0x0000000080000000, 0x0000000100000000)
  region size 1024K, 8 young (8192K), 8 survivors (8192K)
 Metaspace       used 44090K, capacity 45126K, committed 45212K, reserved 1089536K
  class space    used 5665K, capacity 6082K, committed 6168K, reserved 1048576K
}
Event: 13.275 GC heap before
{Heap before GC invocations=11 (full 0):
 garbage-first heap   total 131072K, used 84774K [0x0000000080000000, 0x0000000100000000)
  region size 1024K, 59 young (60416K), 8 survivors (8192K)
 Metaspace       used 48456K, capacity 49692K, committed 49820K, reserved 1093632K
  class space    used 6202K, capacity 6670K, committed 6680K, reserved 1048576K
}
Event: 13.287 GC heap after
{Heap after GC invocations=12 (full 0):
 garbage-first heap   total 157696K, used 33319K [0x0000000080000000, 0x0000000100000000)
  region size 1024K, 6 young (6144K), 6 survivors (6144K)
 Metaspace       used 48456K, capacity 49692K, committed 49820K, reserved 1093632K
  class space    used 6202K, capacity 6670K, committed 6680K, reserved 1048576K
}
Event: 16.127 GC heap before
{Heap before GC invocations=12 (full 0):
 garbage-first heap   total 157696K, used 98855K [0x0000000080000000, 0x0000000100000000)
  region size 1024K, 70 young (71680K), 6 survivors (6144K)
 Metaspace       used 56233K, capacity 57541K, committed 57756K, reserved 1099776K
  class space    used 7118K, capacity 7608K, committed 7704K, reserved 1048576K
}
Event: 16.136 GC heap after
{Heap after GC invocations=13 (full 0):
 garbage-first heap   total 157696K, used 37346K [0x0000000080000000, 0x0000000100000000)
  region size 1024K, 9 young (9216K), 9 survivors (9216K)
 Metaspace       used 56233K, capacity 57541K, committed 57756K, reserved 1099776K
  class space    used 7118K, capacity 7608K, committed 7704K, reserved 1048576K
}
Event: 18.392 GC heap before
{Heap before GC invocations=13 (full 0):
 garbage-first heap   total 157696K, used 112098K [0x0000000080000000, 0x0000000100000000)
  region size 1024K, 74 young (75776K), 9 survivors (9216K)
 Metaspace       used 62865K, capacity 64403K, committed 64540K, reserved 1105920K
  class space    used 7905K, capacity 8466K, committed 8600K, reserved 1048576K
}
Event: 18.403 GC heap after
{Heap after GC invocations=14 (full 0):
 garbage-first heap   total 157696K, used 54044K [0x0000000080000000, 0x0000000100000000)
  region size 1024K, 10 young (10240K), 10 survivors (10240K)
 Metaspace       used 62865K, capacity 64403K, committed 64540K, reserved 1105920K
  class space    used 7905K, capacity 8466K, committed 8600K, reserved 1048576K
}
Event: 20.213 GC heap before
{Heap before GC invocations=14 (full 0):
 garbage-first heap   total 157696K, used 120604K [0x0000000080000000, 0x0000000100000000)
  region size 1024K, 68 young (69632K), 10 survivors (10240K)
 Metaspace       used 68026K, capacity 69756K, committed 69916K, reserved 1110016K
  class space    used 8611K, capacity 9245K, committed 9368K, reserved 1048576K
}
Event: 20.224 GC heap after
{Heap after GC invocations=15 (full 0):
 garbage-first heap   total 157696K, used 60024K [0x0000000080000000, 0x0000000100000000)
  region size 1024K, 6 young (6144K), 6 survivors (6144K)
 Metaspace       used 68026K, capacity 69756K, committed 69916K, reserved 1110016K
  class space    used 8611K, capacity 9245K, committed 9368K, reserved 1048576K
}
Event: 20.347 GC heap before
{Heap before GC invocations=15 (full 0):
 garbage-first heap   total 157696K, used 65144K [0x0000000080000000, 0x0000000100000000)
  region size 1024K, 12 young (12288K), 6 survivors (6144K)
 Metaspace       used 68418K, capacity 70089K, committed 70172K, reserved 1110016K
  class space    used 8659K, capacity 9313K, committed 9368K, reserved 1048576K
}
Event: 20.354 GC heap after
{Heap after GC invocations=16 (full 0):
 garbage-first heap   total 157696K, used 61101K [0x0000000080000000, 0x0000000100000000)
  region size 1024K, 2 young (2048K), 2 survivors (2048K)
 Metaspace       used 68418K, capacity 70089K, committed 70172K, reserved 1110016K
  class space    used 8659K, capacity 9313K, committed 9368K, reserved 1048576K
}
Event: 22.054 GC heap before
{Heap before GC invocations=17 (full 0):
 garbage-first heap   total 157696K, used 118445K [0x0000000080000000, 0x0000000100000000)
  region size 1024K, 58 young (59392K), 2 survivors (2048K)
 Metaspace       used 72846K, capacity 74612K, committed 74908K, reserved 1114112K
  class space    used 9256K, capacity 9955K, committed 10008K, reserved 1048576K
}
Event: 22.061 GC heap after
{Heap after GC invocations=18 (full 0):
 garbage-first heap   total 157696K, used 63215K [0x0000000080000000, 0x0000000100000000)
  region size 1024K, 4 young (4096K), 4 survivors (4096K)
 Metaspace       used 72846K, capacity 74612K, committed 74908K, reserved 1114112K
  class space    used 9256K, capacity 9955K, committed 10008K, reserved 1048576K
}
Event: 23.085 GC heap before
{Heap before GC invocations=18 (full 0):
 garbage-first heap   total 157696K, used 121583K [0x0000000080000000, 0x0000000100000000)
  region size 1024K, 61 young (62464K), 4 survivors (4096K)
 Metaspace       used 73881K, capacity 75735K, committed 75804K, reserved 1116160K
  class space    used 9379K, capacity 10107K, committed 10136K, reserved 1048576K
}
Event: 23.093 GC heap after
{Heap after GC invocations=19 (full 0):
 garbage-first heap   total 157696K, used 67384K [0x0000000080000000, 0x0000000100000000)
  region size 1024K, 8 young (8192K), 8 survivors (8192K)
 Metaspace       used 73881K, capacity 75735K, committed 75804K, reserved 1116160K
  class space    used 9379K, capacity 10107K, committed 10136K, reserved 1048576K
}

Deoptimization events (20 events):
Event: 22.188 Thread 0x0000027f1d3cf000 DEOPT PACKING pc=0x0000027f0cdce1d8 sp=0x000000b5a42f6e70
Event: 22.188 Thread 0x0000027f1d3cf000 DEOPT UNPACKING pc=0x0000027f04eaa1af sp=0x000000b5a42f6e40 mode 2
Event: 22.461 Thread 0x0000027f1d3cf000 Uncommon trap: trap_request=0xffffff4d fr.pc=0x0000027f0cd87dc4 relative=0x00000000000014a4
Event: 22.461 Thread 0x0000027f1d3cf000 Uncommon trap: reason=unstable_if action=reinterpret pc=0x0000027f0cd87dc4 method=java.lang.ClassLoader.checkCerts(Ljava/lang/String;Ljava/security/CodeSource;)V @ 29 c2
Event: 22.462 Thread 0x0000027f1d3cf000 DEOPT PACKING pc=0x0000027f0cd87dc4 sp=0x000000b5a42f6db0
Event: 22.462 Thread 0x0000027f1d3cf000 DEOPT UNPACKING pc=0x0000027f04eaa1af sp=0x000000b5a42f6d08 mode 2
Event: 22.462 Thread 0x0000027f1d3cf000 Uncommon trap: trap_request=0xffffff4d fr.pc=0x0000027f0cbb5288 relative=0x0000000000000bc8
Event: 22.462 Thread 0x0000027f1d3cf000 Uncommon trap: reason=unstable_if action=reinterpret pc=0x0000027f0cbb5288 method=java.lang.ClassLoader.loadClass(Ljava/lang/String;Z)Ljava/lang/Class; @ 29 c2
Event: 22.462 Thread 0x0000027f1d3cf000 DEOPT PACKING pc=0x0000027f0cbb5288 sp=0x000000b5a42f6650
Event: 22.462 Thread 0x0000027f1d3cf000 DEOPT UNPACKING pc=0x0000027f04eaa1af sp=0x000000b5a42f6618 mode 2
Event: 22.597 Thread 0x0000027f1d3cf000 Uncommon trap: trap_request=0xffffff4d fr.pc=0x0000027f0cafb76c relative=0x000000000000032c
Event: 22.597 Thread 0x0000027f1d3cf000 Uncommon trap: reason=unstable_if action=reinterpret pc=0x0000027f0cafb76c method=java.util.StringJoiner.add(Ljava/lang/CharSequence;)Ljava/util/StringJoiner; @ 33 c2
Event: 22.597 Thread 0x0000027f1d3cf000 DEOPT PACKING pc=0x0000027f0cafb76c sp=0x000000b5a42f5280
Event: 22.597 Thread 0x0000027f1d3cf000 DEOPT UNPACKING pc=0x0000027f04eaa1af sp=0x000000b5a42f5230 mode 2
Event: 22.954 Thread 0x0000027f1d3cf000 Uncommon trap: trap_request=0xffffffde fr.pc=0x0000027f0caa107c relative=0x000000000000099c
Event: 22.954 Thread 0x0000027f1d3cf000 Uncommon trap: reason=class_check action=maybe_recompile pc=0x0000027f0caa107c method=java.util.WeakHashMap.eq(Ljava/lang/Object;Ljava/lang/Object;)Z @ 7 c2
Event: 22.954 Thread 0x0000027f1d3cf000 DEOPT PACKING pc=0x0000027f0caa107c sp=0x000000b5a42f3150
Event: 22.954 Thread 0x0000027f1d3cf000 DEOPT UNPACKING pc=0x0000027f04eaa1af sp=0x000000b5a42f30c0 mode 2
Event: 23.697 Thread 0x0000027f1d3cf000 DEOPT PACKING pc=0x0000027f061fe927 sp=0x000000b5a42f8280
Event: 23.697 Thread 0x0000027f1d3cf000 DEOPT UNPACKING pc=0x0000027f04eaa95e sp=0x000000b5a42f7730 mode 0

Classes redefined (0 events):
No events

Internal exceptions (20 events):
Event: 23.096 Thread 0x0000027f1d3cf000 Exception <a 'java/lang/ClassNotFoundException'{0x0000000089916c98}: build_bb5knj6fwdbfy6ppgd5e5aeq1$_run_closure1$_closure4BeanInfo> (0x0000000089916c98) thrown at [src/hotspot/share/classfile/systemDictionary.cpp, line 230]
Event: 23.097 Thread 0x0000027f1d3cf000 Exception <a 'java/lang/ClassNotFoundException'{0x000000008992a530}: build_bb5knj6fwdbfy6ppgd5e5aeq1$_run_closure1$_closure4Customizer> (0x000000008992a530) thrown at [src/hotspot/share/classfile/systemDictionary.cpp, line 230]
Event: 23.101 Thread 0x0000027f1d3cf000 Exception <a 'java/lang/ClassNotFoundException'{0x000000008995caa0}: build_bb5knj6fwdbfy6ppgd5e5aeq1$_run_closure1BeanInfo> (0x000000008995caa0) thrown at [src/hotspot/share/classfile/systemDictionary.cpp, line 230]
Event: 23.103 Thread 0x0000027f1d3cf000 Exception <a 'java/lang/ClassNotFoundException'{0x00000000899706c8}: build_bb5knj6fwdbfy6ppgd5e5aeq1$_run_closure1Customizer> (0x00000000899706c8) thrown at [src/hotspot/share/classfile/systemDictionary.cpp, line 230]
Event: 23.117 Thread 0x0000027f1d3cf000 Exception <a 'java/lang/ClassNotFoundException'{0x0000000089803cf0}: com/android/build/gradle/internal/dsl/ApplicationBuildFeaturesImpl_DecoratedBeanInfo> (0x0000000089803cf0) thrown at [src/hotspot/share/classfile/systemDictionary.cpp, line 230]
Event: 23.118 Thread 0x0000027f1d3cf000 Exception <a 'java/lang/ClassNotFoundException'{0x0000000089825ad8}: com/android/build/gradle/internal/dsl/ApplicationBuildFeaturesImplBeanInfo> (0x0000000089825ad8) thrown at [src/hotspot/share/classfile/systemDictionary.cpp, line 230]
Event: 23.120 Thread 0x0000027f1d3cf000 Exception <a 'java/lang/ClassNotFoundException'{0x00000000898456e8}: com/android/build/gradle/internal/dsl/BuildFeaturesImplBeanInfo> (0x00000000898456e8) thrown at [src/hotspot/share/classfile/systemDictionary.cpp, line 230]
Event: 23.120 Thread 0x0000027f1d3cf000 Exception <a 'java/lang/ClassNotFoundException'{0x0000000089865330}: com/android/build/gradle/internal/dsl/BuildFeaturesImplCustomizer> (0x0000000089865330) thrown at [src/hotspot/share/classfile/systemDictionary.cpp, line 230]
Event: 23.122 Thread 0x0000027f1d3cf000 Exception <a 'java/lang/ClassNotFoundException'{0x0000000089892d00}: com/android/build/gradle/internal/dsl/ApplicationBuildFeaturesImplCustomizer> (0x0000000089892d00) thrown at [src/hotspot/share/classfile/systemDictionary.cpp, line 230]
Event: 23.123 Thread 0x0000027f1d3cf000 Exception <a 'java/lang/ClassNotFoundException'{0x00000000898bcc70}: com/android/build/gradle/internal/dsl/ApplicationBuildFeaturesImpl_DecoratedCustomizer> (0x00000000898bcc70) thrown at [src/hotspot/share/classfile/systemDictionary.cpp, line 230]
Event: 23.132 Thread 0x0000027f1d3cf000 Exception <a 'java/lang/ClassNotFoundException'{0x0000000089754cc8}: org/gradle/api/JavaVersionBeanInfo> (0x0000000089754cc8) thrown at [src/hotspot/share/classfile/systemDictionary.cpp, line 230]
Event: 23.134 Thread 0x0000027f1d3cf000 Exception <a 'java/lang/ClassNotFoundException'{0x0000000089786330}: org/gradle/api/JavaVersionCustomizer> (0x0000000089786330) thrown at [src/hotspot/share/classfile/systemDictionary.cpp, line 230]
Event: 23.140 Thread 0x0000027f1d3cf000 Exception <a 'java/lang/ClassNotFoundException'{0x00000000897f8cd8}: com/android/build/gradle/internal/CompileOptions$AgpDecorated_DecoratedBeanInfo> (0x00000000897f8cd8) thrown at [src/hotspot/share/classfile/systemDictionary.cpp, line 230]
Event: 23.141 Thread 0x0000027f1d3cf000 Exception <a 'java/lang/ClassNotFoundException'{0x000000008961a160}: com/android/build/gradle/internal/CompileOptions$AgpDecoratedBeanInfo> (0x000000008961a160) thrown at [src/hotspot/share/classfile/systemDictionary.cpp, line 230]
Event: 23.142 Thread 0x0000027f1d3cf000 Exception <a 'java/lang/ClassNotFoundException'{0x0000000089638548}: com/android/build/gradle/internal/CompileOptionsBeanInfo> (0x0000000089638548) thrown at [src/hotspot/share/classfile/systemDictionary.cpp, line 230]
Event: 23.144 Thread 0x0000027f1d3cf000 Exception <a 'java/lang/ClassNotFoundException'{0x0000000089657288}: com/android/build/gradle/internal/CompileOptionsCustomizer> (0x0000000089657288) thrown at [src/hotspot/share/classfile/systemDictionary.cpp, line 230]
Event: 23.146 Thread 0x0000027f1d3cf000 Exception <a 'java/lang/ClassNotFoundException'{0x0000000089684908}: com/android/build/gradle/internal/CompileOptions$AgpDecoratedCustomizer> (0x0000000089684908) thrown at [src/hotspot/share/classfile/systemDictionary.cpp, line 230]
Event: 23.148 Thread 0x0000027f1d3cf000 Exception <a 'java/lang/ClassNotFoundException'{0x00000000896b5920}: com/android/build/gradle/internal/CompileOptions$AgpDecorated_DecoratedCustomizer> (0x00000000896b5920) thrown at [src/hotspot/share/classfile/systemDictionary.cpp, line 230]
Event: 23.158 Thread 0x0000027f1d3cf000 Exception <a 'java/lang/ClassNotFoundException'{0x0000000089540b58}: org/jetbrains/kotlin/gradle/plugin/AndroidProjectHandler$configureTarget$kotlinOptions$1BeanInfo> (0x0000000089540b58) thrown at [src/hotspot/share/classfile/systemDictionary.cpp, line 230]
Event: 23.159 Thread 0x0000027f1d3cf000 Exception <a 'java/lang/ClassNotFoundException'{0x0000000089565f18}: org/jetbrains/kotlin/gradle/plugin/AndroidProjectHandler$configureTarget$kotlinOptions$1Customizer> (0x0000000089565f18) thrown at [src/hotspot/share/classfile/systemDictionary.cpp, line 230]

Events (20 events):
Event: 23.845 loading class com/android/build/gradle/internal/tasks/ModuleMetadataWriterTask$CreationAction$handleProvider$1
Event: 23.845 loading class com/android/build/gradle/internal/tasks/ModuleMetadataWriterTask$CreationAction$handleProvider$1 done
Event: 23.846 loading class com/android/build/gradle/internal/scope/InternalArtifactType$BASE_MODULE_METADATA
Event: 23.846 loading class com/android/build/gradle/internal/scope/InternalArtifactType$BASE_MODULE_METADATA done
Event: 23.847 loading class com/android/build/gradle/internal/tasks/ApplicationIdWriterTask
Event: 23.847 loading class com/android/build/gradle/internal/tasks/ApplicationIdWriterTask done
Event: 23.850 loading class com/android/build/gradle/internal/tasks/ApplicationIdWriterTask$CreationAction$handleProvider$1
Event: 23.850 loading class com/android/build/gradle/internal/tasks/ApplicationIdWriterTask$CreationAction$handleProvider$1 done
Event: 23.851 loading class com/android/build/gradle/internal/scope/InternalArtifactType$METADATA_APPLICATION_ID
Event: 23.851 loading class com/android/build/gradle/internal/scope/InternalArtifactType$METADATA_APPLICATION_ID done
Event: 23.852 loading class com/android/build/api/component/impl/OldVariantApiLegacySupportImpl
Event: 23.852 loading class com/android/build/api/component/impl/OldVariantApiLegacySupportImpl done
Event: 23.854 loading class com/android/build/api/component/impl/OldVariantApiLegacySupportImpl$manifestPlaceholders$2
Event: 23.854 loading class com/android/build/api/component/impl/OldVariantApiLegacySupportImpl$manifestPlaceholders$2 done
Event: 23.855 loading class com/android/build/api/component/impl/OldVariantApiLegacySupportImpl$JavaCompileOptionsForOldVariantAPI
Event: 23.855 loading class com/android/build/api/component/impl/OldVariantApiLegacySupportImpl$JavaCompileOptionsForOldVariantAPI done
Event: 23.856 loading class com/android/build/api/component/impl/OldVariantApiLegacySupportImpl$JavaCompileOptionsForOldVariantAPI$_annotationProcessorOptions$1
Event: 23.856 loading class com/android/build/api/component/impl/OldVariantApiLegacySupportImpl$JavaCompileOptionsForOldVariantAPI$_annotationProcessorOptions$1 done
Event: 23.856 loading class com/android/build/api/component/impl/MutableListBackedUpWithListProperty
Event: 23.856 loading class com/android/build/api/component/impl/MutableListBackedUpWithListProperty done


Dynamic libraries:
0x00007ff71a400000 - 0x00007ff71a40a000 	D:\Android Studio\jbr\bin\java.exe
0x00007ffc18190000 - 0x00007ffc18388000 	C:\WINDOWS\SYSTEM32\ntdll.dll
0x00007ffc161f0000 - 0x00007ffc162ad000 	C:\WINDOWS\System32\KERNEL32.DLL
0x00007ffc15ce0000 - 0x00007ffc15fd6000 	C:\WINDOWS\System32\KERNELBASE.dll
0x00007ffc15b70000 - 0x00007ffc15c70000 	C:\WINDOWS\System32\ucrtbase.dll
0x00007ffbf3d90000 - 0x00007ffbf3da7000 	D:\Android Studio\jbr\bin\jli.dll
0x00007ffc16d10000 - 0x00007ffc16eae000 	C:\WINDOWS\System32\USER32.dll
0x00007ffc15b40000 - 0x00007ffc15b62000 	C:\WINDOWS\System32\win32u.dll
0x00007ffc03450000 - 0x00007ffc036ea000 	C:\WINDOWS\WinSxS\amd64_microsoft.windows.common-controls_6595b64144ccf1df_6.0.19041.1110_none_60b5254171f9507e\COMCTL32.dll
0x00007ffc16610000 - 0x00007ffc1663c000 	C:\WINDOWS\System32\GDI32.dll
0x00007ffc15a20000 - 0x00007ffc15b3a000 	C:\WINDOWS\System32\gdi32full.dll
0x00007ffc17a80000 - 0x00007ffc17b1e000 	C:\WINDOWS\System32\msvcrt.dll
0x00007ffc15950000 - 0x00007ffc159ed000 	C:\WINDOWS\System32\msvcp_win.dll
0x00007ffbde980000 - 0x00007ffbde99b000 	D:\Android Studio\jbr\bin\VCRUNTIME140.dll
0x00007ffc171e0000 - 0x00007ffc17210000 	C:\WINDOWS\System32\IMM32.DLL
0x00007ffbf3510000 - 0x00007ffbf351c000 	D:\Android Studio\jbr\bin\vcruntime140_1.dll
0x00007ffbcbd20000 - 0x00007ffbcbdad000 	D:\Android Studio\jbr\bin\msvcp140.dll
0x00007ffbdb160000 - 0x00007ffbdbd1c000 	D:\Android Studio\jbr\bin\server\jvm.dll
0x00007ffc17130000 - 0x00007ffc171de000 	C:\WINDOWS\System32\ADVAPI32.dll
0x00007ffc16f30000 - 0x00007ffc16fcc000 	C:\WINDOWS\System32\sechost.dll
0x00007ffc18010000 - 0x00007ffc18136000 	C:\WINDOWS\System32\RPCRT4.dll
0x00007ffc18000000 - 0x00007ffc18008000 	C:\WINDOWS\System32\PSAPI.DLL
0x00007ffc03140000 - 0x00007ffc03149000 	C:\WINDOWS\SYSTEM32\WSOCK32.dll
0x00007ffc038c0000 - 0x00007ffc038e7000 	C:\WINDOWS\SYSTEM32\WINMM.dll
0x00007ffc17b20000 - 0x00007ffc17b8b000 	C:\WINDOWS\System32\WS2_32.dll
0x00007ffc0e3f0000 - 0x00007ffc0e3fa000 	C:\WINDOWS\SYSTEM32\VERSION.dll
0x00007ffc140e0000 - 0x00007ffc140f2000 	C:\WINDOWS\SYSTEM32\kernel.appcore.dll
0x00007ffc0f890000 - 0x00007ffc0f8a0000 	D:\Android Studio\jbr\bin\verify.dll
0x00007ffc13da0000 - 0x00007ffc13f84000 	C:\WINDOWS\SYSTEM32\DBGHELP.DLL
0x00007ffc090f0000 - 0x00007ffc09124000 	C:\WINDOWS\SYSTEM32\dbgcore.DLL
0x00007ffc15870000 - 0x00007ffc158f2000 	C:\WINDOWS\System32\bcryptPrimitives.dll
0x00007ffc0e880000 - 0x00007ffc0e8a8000 	D:\Android Studio\jbr\bin\java.dll
0x00007ffc0f880000 - 0x00007ffc0f88a000 	D:\Android Studio\jbr\bin\jimage.dll
0x00007ffc0f810000 - 0x00007ffc0f828000 	D:\Android Studio\jbr\bin\zip.dll
0x00007ffc17210000 - 0x00007ffc17955000 	C:\WINDOWS\System32\SHELL32.dll
0x00007ffc13530000 - 0x00007ffc13ccb000 	C:\WINDOWS\SYSTEM32\windows.storage.dll
0x00007ffc162b0000 - 0x00007ffc16604000 	C:\WINDOWS\System32\combase.dll
0x00007ffc152b0000 - 0x00007ffc152de000 	C:\WINDOWS\SYSTEM32\Wldp.dll
0x00007ffc16b20000 - 0x00007ffc16bcd000 	C:\WINDOWS\System32\SHCORE.dll
0x00007ffc16eb0000 - 0x00007ffc16f05000 	C:\WINDOWS\System32\shlwapi.dll
0x00007ffc157a0000 - 0x00007ffc157c5000 	C:\WINDOWS\SYSTEM32\profapi.dll
0x00007ffc0dbd0000 - 0x00007ffc0dbe9000 	D:\Android Studio\jbr\bin\net.dll
0x00007ffc0fd60000 - 0x00007ffc0fe6a000 	C:\WINDOWS\SYSTEM32\WINHTTP.dll
0x00007ffc15010000 - 0x00007ffc1507a000 	C:\WINDOWS\system32\mswsock.dll
0x00007ffc0dbb0000 - 0x00007ffc0dbc3000 	D:\Android Studio\jbr\bin\nio.dll
0x00007ffbdf410000 - 0x00007ffbdf437000 	C:\Users\Marcin\.gradle\native\e1d6ef7f7dcc3fd88c89a11ec53ec762bb8ba0a96d01ffa2cd45eb1d1d8dd5c5\windows-amd64\native-platform.dll
0x00007ffbc3fe0000 - 0x00007ffbc4124000 	C:\Users\Marcin\.gradle\native\0d407fdbe67a94daf76414ababcb853783967236a71b16ec16e742cd7a986fd3\windows-amd64\native-platform-file-events.dll
0x00007ffc0f8f0000 - 0x00007ffc0f8fa000 	D:\Android Studio\jbr\bin\management.dll
0x00007ffc0f8e0000 - 0x00007ffc0f8eb000 	D:\Android Studio\jbr\bin\management_ext.dll
0x00007ffc15210000 - 0x00007ffc15228000 	C:\WINDOWS\SYSTEM32\CRYPTSP.dll
0x00007ffc148b0000 - 0x00007ffc148e4000 	C:\WINDOWS\system32\rsaenh.dll
0x00007ffc159f0000 - 0x00007ffc15a17000 	C:\WINDOWS\System32\bcrypt.dll
0x00007ffc15760000 - 0x00007ffc1578e000 	C:\WINDOWS\SYSTEM32\USERENV.dll
0x00007ffc15200000 - 0x00007ffc1520c000 	C:\WINDOWS\SYSTEM32\CRYPTBASE.dll
0x00007ffc14cb0000 - 0x00007ffc14ceb000 	C:\WINDOWS\SYSTEM32\IPHLPAPI.DLL
0x00007ffc18140000 - 0x00007ffc18148000 	C:\WINDOWS\System32\NSI.dll
0x00007ffc0d850000 - 0x00007ffc0d867000 	C:\WINDOWS\SYSTEM32\dhcpcsvc6.DLL
0x00007ffc0d830000 - 0x00007ffc0d84d000 	C:\WINDOWS\SYSTEM32\dhcpcsvc.DLL
0x00007ffc14d00000 - 0x00007ffc14dca000 	C:\WINDOWS\SYSTEM32\DNSAPI.dll
0x00007ffc0cef0000 - 0x00007ffc0cf17000 	D:\Android Studio\jbr\bin\sunec.dll
0x00007ffc06750000 - 0x00007ffc0675a000 	C:\Windows\System32\rasadhlp.dll
0x00007ffc06140000 - 0x00007ffc061c2000 	C:\WINDOWS\System32\fwpuclnt.dll

dbghelp: loaded successfully - version: 4.0.5 - missing functions: none
symbol engine: initialized successfully - sym options: 0x614 - pdb path: .;D:\Android Studio\jbr\bin;C:\WINDOWS\SYSTEM32;C:\WINDOWS\WinSxS\amd64_microsoft.windows.common-controls_6595b64144ccf1df_6.0.19041.1110_none_60b5254171f9507e;D:\Android Studio\jbr\bin\server;C:\Users\Marcin\.gradle\native\e1d6ef7f7dcc3fd88c89a11ec53ec762bb8ba0a96d01ffa2cd45eb1d1d8dd5c5\windows-amd64;C:\Users\Marcin\.gradle\native\0d407fdbe67a94daf76414ababcb853783967236a71b16ec16e742cd7a986fd3\windows-amd64

VM Arguments:
jvm_args: --add-opens=java.base/java.util=ALL-UNNAMED --add-opens=java.base/java.lang=ALL-UNNAMED --add-opens=java.base/java.lang.invoke=ALL-UNNAMED --add-opens=java.base/java.util=ALL-UNNAMED --add-opens=java.prefs/java.util.prefs=ALL-UNNAMED --add-opens=java.prefs/java.util.prefs=ALL-UNNAMED --add-opens=java.base/java.nio.charset=ALL-UNNAMED --add-opens=java.base/java.net=ALL-UNNAMED --add-opens=java.base/java.util.concurrent.atomic=ALL-UNNAMED -Xmx2048m -Dfile.encoding=UTF-8 -Duser.country=PL -Duser.language=pl -Duser.variant 
java_command: org.gradle.launcher.daemon.bootstrap.GradleDaemon 7.5
java_class_path (initial): C:\Users\Marcin\.gradle\wrapper\dists\gradle-7.5-bin\f1w0cc9nuo0eivz97x2xlu9sv\gradle-7.5\lib\gradle-launcher-7.5.jar
Launcher Type: SUN_STANDARD

[Global flags]
     intx CICompilerCount                          = 4                                         {product} {ergonomic}
     uint ConcGCThreads                            = 2                                         {product} {ergonomic}
     uint G1ConcRefinementThreads                  = 8                                         {product} {ergonomic}
   size_t G1HeapRegionSize                         = 1048576                                   {product} {ergonomic}
    uintx GCDrainStackTargetSize                   = 64                                        {product} {ergonomic}
   size_t InitialHeapSize                          = 134217728                                 {product} {ergonomic}
   size_t MarkStackSize                            = 4194304                                   {product} {ergonomic}
   size_t MaxHeapSize                              = 2147483648                                {product} {command line}
   size_t MaxNewSize                               = 1287651328                                {product} {ergonomic}
   size_t MinHeapDeltaBytes                        = 1048576                                   {product} {ergonomic}
    uintx NonNMethodCodeHeapSize                   = 5836300                                {pd product} {ergonomic}
    uintx NonProfiledCodeHeapSize                  = 122910970                              {pd product} {ergonomic}
    uintx ProfiledCodeHeapSize                     = 122910970                              {pd product} {ergonomic}
    uintx ReservedCodeCacheSize                    = 251658240                              {pd product} {ergonomic}
     bool SegmentedCodeCache                       = true                                      {product} {ergonomic}
     bool UseCompressedClassPointers               = true                                 {lp64_product} {ergonomic}
     bool UseCompressedOops                        = true                                 {lp64_product} {ergonomic}
     bool UseG1GC                                  = true                                      {product} {ergonomic}
     bool UseLargePagesIndividualAllocation        = false                                  {pd product} {ergonomic}

Logging:
Log output configuration:
 #0: stdout all=warning uptime,level,tags
 #1: stderr all=off uptime,level,tags

Environment Variables:
PATH=C:\Program Files (x86)\Common Files\Oracle\Java\javapath;C:\Program Files (x86)\Intel\Intel(R) Management Engine Components\iCLS\;C:\Program Files\Intel\Intel(R) Management Engine Components\iCLS\;C:\Windows\system32;C:\Windows;C:\Windows\System32\Wbem;C:\Windows\System32\WindowsPowerShell\v1.0\;C:\Windows\System32\OpenSSH\;C:\Program Files (x86)\Intel\Intel(R) Management Engine Components\DAL;C:\Program Files\Intel\Intel(R) Management Engine Components\DAL;C:\Program Files\Intel\WiFi\bin\;C:\Program Files\Common Files\Intel\WirelessCommon\;C:\Program Files (x86)\NVIDIA Corporation\PhysX\Common;C:\Program Files\NVIDIA Corporation\NVIDIA NvDLISR;C:\WINDOWS\system32;C:\WINDOWS;C:\WINDOWS\System32\Wbem;C:\WINDOWS\System32\WindowsPowerShell\v1.0\;C:\WINDOWS\System32\OpenSSH\;C:\Program Files\dotnet\;C:\Program Files\Microsoft SQL Server\130\Tools\Binn\;C:\Program Files\Microsoft SQL Server\Client SDK\ODBC\170\Tools\Binn\;C:\Program Files (x86)\Microsoft SQL Server\150\Tools\Binn\;C:\Program Files\Microsoft SQL Server\150\Tools\Binn\;C:\Program Files\Microsoft SQL Server\150\DTS\Binn\;C:\Program Files\Azure Data Studio\bin;C:\Program Files (x86)\Microsoft SQL Server\150\DTS\Binn\;C:\Program Files\Git\cmd;C:\Users\Marcin\AppData\Local\Microsoft\WindowsApps;C:\Program Files\Azure Data Studio\bin
USERNAME=Marcin
OS=Windows_NT
PROCESSOR_IDENTIFIER=Intel64 Family 6 Model 142 Stepping 10, GenuineIntel



---------------  S Y S T E M  ---------------

OS: Windows 10 , 64 bit Build 19041 (10.0.19041.3393)
OS uptime: 1 days 15:53 hours

CPU:total 8 (initial active 8) (4 cores per cpu, 2 threads per core) family 6 model 142 stepping 10 microcode 0xb4, cmov, cx8, fxsr, mmx, sse, sse2, sse3, ssse3, sse4.1, sse4.2, popcnt, avx, avx2, aes, clmul, erms, 3dnowpref, lzcnt, ht, tsc, tscinvbit, bmi1, bmi2, adx, fma

Memory: 4k page, system-wide physical 8075M (484M free)
TotalPageFile size 10075M (AvailPageFile size 15M)
current process WorkingSet (physical memory assigned to process): 383M, peak: 385M
current process commit charge ("private bytes"): 419M, peak: 423M

vm_info: OpenJDK 64-Bit Server VM (11.0.15+0-b2043.56-9505619) for windows-amd64 JRE (11.0.15+0-b2043.56-9505619), built on Jan 19 2023 02:48:00 by "builduser" with unknown MS VC++:1929

END.
