#
# There is insufficient memory for the Java Runtime Environment to continue.
# Native memory allocation (malloc) failed to allocate 2117296 bytes for Chunk::new
# Possible reasons:
#   The system is out of physical RAM or swap space
#   The process is running with CompressedOops enabled, and the Java Heap may be blocking the growth of the native heap
# Possible solutions:
#   Reduce memory load on the system
#   Increase physical memory or swap space
#   Check if swap backing store is full
#   Decrease Java heap size (-Xmx/-Xms)
#   Decrease number of Java threads
#   Decrease Java thread stack sizes (-Xss)
#   Set larger code cache with -XX:ReservedCodeCacheSize=
#   JVM is running with Unscaled Compressed Oops mode in which the Java heap is
#     placed in the first 4GB address space. The Java Heap base address is the
#     maximum limit for the native heap growth. Please use -XX:HeapBaseMinAddress
#     to set the Java Heap base and to place the Java Heap above 4GB virtual address.
# This output file may be truncated or incomplete.
#
#  Out of Memory Error (arena.cpp:189), pid=14656, tid=5328
#
# JRE version: OpenJDK Runtime Environment JBR-17.0.8.1+7-1063.1-nomod (17.0.8.1+7) (build 17.0.8.1+7-b1063.1)
# Java VM: OpenJDK 64-Bit Server VM JBR-17.0.8.1+7-1063.1-nomod (17.0.8.1+7-b1063.1, mixed mode, tiered, compressed oops, compressed class ptrs, g1 gc, windows-amd64)
# No core dump will be written. Minidumps are not enabled by default on client versions of Windows
#

---------------  S U M M A R Y ------------

Command Line: --add-opens=java.base/java.util=ALL-UNNAMED --add-opens=java.base/java.lang=ALL-UNNAMED --add-opens=java.base/java.lang.invoke=ALL-UNNAMED --add-opens=java.base/java.util=ALL-UNNAMED --add-opens=java.prefs/java.util.prefs=ALL-UNNAMED --add-opens=java.prefs/java.util.prefs=ALL-UNNAMED --add-opens=java.base/java.nio.charset=ALL-UNNAMED --add-opens=java.base/java.net=ALL-UNNAMED --add-opens=java.base/java.util.concurrent.atomic=ALL-UNNAMED -Xmx2048m -Dfile.encoding=UTF-8 -Duser.country=PL -Duser.language=pl -Duser.variant org.gradle.launcher.daemon.bootstrap.GradleDaemon 7.5

Host: Intel(R) Core(TM) i5-8250U CPU @ 1.60GHz, 8 cores, 7G,  Windows 10 , 64 bit Build 19041 (10.0.19041.3393)
Time: Tue Oct  3 19:08:57 2023  Windows 10 , 64 bit Build 19041 (10.0.19041.3393) elapsed time: 9.859629 seconds (0d 0h 0m 9s)

---------------  T H R E A D  ---------------

Current thread (0x000001e8620004e0):  JavaThread "C2 CompilerThread1" daemon [_thread_in_native, id=5328, stack(0x0000009636100000,0x0000009636200000)]


Current CompileTask:
C2:   9859 2823       4       java.lang.invoke.MethodType::makeImpl (109 bytes)

Stack: [0x0000009636100000,0x0000009636200000]
Native frames: (J=compiled Java code, j=interpreted, Vv=VM code, C=native code)
V  [jvm.dll+0x6852da]


---------------  P R O C E S S  ---------------

Threads class SMR info:
_java_thread_list=0x000001e8644c66e0, length=37, elements={
0x000001e8418980e0, 0x000001e85ba135e0, 0x000001e85ba04700, 0x000001e85bb533f0,
0x000001e85bb55cd0, 0x000001e85bb565a0, 0x000001e85bb56e70, 0x000001e85bb7dc20,
0x000001e85bb7e530, 0x000001e85bb83270, 0x000001e85bcd0180, 0x000001e85bd0c020,
0x000001e86203a020, 0x000001e861d1be90, 0x000001e86155d8d0, 0x000001e860da8100,
0x000001e86204db30, 0x000001e86144eae0, 0x000001e86144dbb0, 0x000001e86144c770,
0x000001e86144e0c0, 0x000001e86144cc80, 0x000001e86144e5d0, 0x000001e86144eff0,
0x000001e86144f500, 0x000001e86144d190, 0x000001e86144fa10, 0x000001e86144ff20,
0x000001e863845f80, 0x000001e86384bfb0, 0x000001e863846490, 0x000001e8638469a0,
0x000001e863847de0, 0x000001e8638478d0, 0x000001e8620004e0, 0x000001e8638473c0,
0x000001e861ec9090
}

Java Threads: ( => current thread )
  0x000001e8418980e0 JavaThread "main" [_thread_blocked, id=7996, stack(0x0000009633000000,0x0000009633100000)]
  0x000001e85ba135e0 JavaThread "Reference Handler" daemon [_thread_blocked, id=4104, stack(0x0000009633700000,0x0000009633800000)]
  0x000001e85ba04700 JavaThread "Finalizer" daemon [_thread_blocked, id=14480, stack(0x0000009633800000,0x0000009633900000)]
  0x000001e85bb533f0 JavaThread "Signal Dispatcher" daemon [_thread_blocked, id=2764, stack(0x0000009633900000,0x0000009633a00000)]
  0x000001e85bb55cd0 JavaThread "Attach Listener" daemon [_thread_blocked, id=14920, stack(0x0000009633a00000,0x0000009633b00000)]
  0x000001e85bb565a0 JavaThread "Service Thread" daemon [_thread_blocked, id=13556, stack(0x0000009633b00000,0x0000009633c00000)]
  0x000001e85bb56e70 JavaThread "Monitor Deflation Thread" daemon [_thread_blocked, id=2444, stack(0x0000009633c00000,0x0000009633d00000)]
  0x000001e85bb7dc20 JavaThread "C2 CompilerThread0" daemon [_thread_in_native, id=13104, stack(0x0000009633d00000,0x0000009633e00000)]
  0x000001e85bb7e530 JavaThread "C1 CompilerThread0" daemon [_thread_blocked, id=12036, stack(0x0000009633e00000,0x0000009633f00000)]
  0x000001e85bb83270 JavaThread "Sweeper thread" daemon [_thread_blocked, id=15268, stack(0x0000009633f00000,0x0000009634000000)]
  0x000001e85bcd0180 JavaThread "Common-Cleaner" daemon [_thread_blocked, id=11496, stack(0x0000009634000000,0x0000009634100000)]
  0x000001e85bd0c020 JavaThread "Notification Thread" daemon [_thread_blocked, id=528, stack(0x0000009634100000,0x0000009634200000)]
  0x000001e86203a020 JavaThread "Daemon health stats" [_thread_blocked, id=14580, stack(0x0000009634800000,0x0000009634900000)]
  0x000001e861d1be90 JavaThread "Incoming local TCP Connector on port 50782" [_thread_in_native, id=6152, stack(0x0000009634700000,0x0000009634800000)]
  0x000001e86155d8d0 JavaThread "Daemon periodic checks" [_thread_blocked, id=8940, stack(0x0000009634900000,0x0000009634a00000)]
  0x000001e860da8100 JavaThread "Daemon" [_thread_blocked, id=10196, stack(0x0000009634c00000,0x0000009634d00000)]
  0x000001e86204db30 JavaThread "Handler for socket connection from /127.0.0.1:50782 to /127.0.0.1:50786" [_thread_in_native, id=11408, stack(0x0000009634d00000,0x0000009634e00000)]
  0x000001e86144eae0 JavaThread "Cancel handler" [_thread_blocked, id=1396, stack(0x0000009634b00000,0x0000009634c00000)]
  0x000001e86144dbb0 JavaThread "Daemon worker" [_thread_in_Java, id=14220, stack(0x0000009634e00000,0x0000009634f00000)]
  0x000001e86144c770 JavaThread "Asynchronous log dispatcher for DefaultDaemonConnection: socket connection from /127.0.0.1:50782 to /127.0.0.1:50786" [_thread_blocked, id=14908, stack(0x0000009634f00000,0x0000009635000000)]
  0x000001e86144e0c0 JavaThread "Stdin handler" [_thread_blocked, id=15328, stack(0x0000009635000000,0x0000009635100000)]
  0x000001e86144cc80 JavaThread "Daemon client event forwarder" [_thread_blocked, id=7088, stack(0x0000009635100000,0x0000009635200000)]
  0x000001e86144e5d0 JavaThread "Cache worker for journal cache (C:\Users\Marcin\.gradle\caches\journal-1)" [_thread_blocked, id=5372, stack(0x0000009635200000,0x0000009635300000)]
  0x000001e86144eff0 JavaThread "File lock request listener" [_thread_in_native, id=8960, stack(0x0000009634a00000,0x0000009634b00000)]
  0x000001e86144f500 JavaThread "Cache worker for file hash cache (C:\Users\Marcin\.gradle\caches\7.5\fileHashes)" [_thread_blocked, id=8952, stack(0x0000009635700000,0x0000009635800000)]
  0x000001e86144d190 JavaThread "File watcher server" daemon [_thread_in_native, id=4508, stack(0x0000009635a00000,0x0000009635b00000)]
  0x000001e86144fa10 JavaThread "File watcher consumer" daemon [_thread_blocked, id=9420, stack(0x0000009635b00000,0x0000009635c00000)]
  0x000001e86144ff20 JavaThread "Cache worker for checksums cache (D:\Gymnasios\.gradle\7.5\checksums)" [_thread_blocked, id=788, stack(0x0000009635c00000,0x0000009635d00000)]
  0x000001e863845f80 JavaThread "Cache worker for cache directory md-rule (C:\Users\Marcin\.gradle\caches\7.5\md-rule)" [_thread_blocked, id=7420, stack(0x0000009635d00000,0x0000009635e00000)]
  0x000001e86384bfb0 JavaThread "Cache worker for file content cache (C:\Users\Marcin\.gradle\caches\7.5\fileContent)" [_thread_blocked, id=7580, stack(0x0000009635e00000,0x0000009635f00000)]
  0x000001e863846490 JavaThread "Cache worker for file hash cache (D:\Gymnasios\.gradle\7.5\fileHashes)" [_thread_blocked, id=10708, stack(0x0000009635f00000,0x0000009636000000)]
  0x000001e8638469a0 JavaThread "Cache worker for cache directory md-supplier (C:\Users\Marcin\.gradle\caches\7.5\md-supplier)" [_thread_blocked, id=15172, stack(0x0000009635900000,0x0000009635a00000)]
  0x000001e863847de0 JavaThread "Cache worker for execution history cache (C:\Users\Marcin\.gradle\caches\7.5\executionHistory)" [_thread_blocked, id=4556, stack(0x0000009636000000,0x0000009636100000)]
  0x000001e8638478d0 JavaThread "jar transforms" [_thread_blocked, id=3116, stack(0x0000009635800000,0x0000009635900000)]
=>0x000001e8620004e0 JavaThread "C2 CompilerThread1" daemon [_thread_in_native, id=5328, stack(0x0000009636100000,0x0000009636200000)]
  0x000001e8638473c0 JavaThread "jar transforms Thread 2" [_thread_blocked, id=3508, stack(0x0000009636200000,0x0000009636300000)]
  0x000001e861ec9090 JavaThread "C2 CompilerThread2" daemon [_thread_in_native, id=8324, stack(0x0000009636300000,0x0000009636400000)]

Other Threads:
  0x000001e85b9f3990 VMThread "VM Thread" [stack: 0x0000009633600000,0x0000009633700000] [id=15104]
  0x000001e85bcaea60 WatcherThread [stack: 0x0000009634200000,0x0000009634300000] [id=12672]
  0x000001e8418f5070 GCTaskThread "GC Thread#0" [stack: 0x0000009633100000,0x0000009633200000] [id=10108]
  0x000001e860cd7580 GCTaskThread "GC Thread#1" [stack: 0x0000009634400000,0x0000009634500000] [id=14900]
  0x000001e860ebf060 GCTaskThread "GC Thread#2" [stack: 0x0000009634500000,0x0000009634600000] [id=13112]
  0x000001e860a67b50 GCTaskThread "GC Thread#3" [stack: 0x0000009634600000,0x0000009634700000] [id=2496]
  0x000001e860838d80 GCTaskThread "GC Thread#4" [stack: 0x0000009634300000,0x0000009634400000] [id=14416]
  0x000001e86037d120 GCTaskThread "GC Thread#5" [stack: 0x0000009635300000,0x0000009635400000] [id=4908]
  0x000001e8614b78f0 GCTaskThread "GC Thread#6" [stack: 0x0000009635400000,0x0000009635500000] [id=3028]
  0x000001e860d2ea20 GCTaskThread "GC Thread#7" [stack: 0x0000009635500000,0x0000009635600000] [id=1508]
  0x000001e841905ed0 ConcurrentGCThread "G1 Main Marker" [stack: 0x0000009633200000,0x0000009633300000] [id=7540]
  0x000001e841907800 ConcurrentGCThread "G1 Conc#0" [stack: 0x0000009633300000,0x0000009633400000] [id=5428]
  0x000001e86198a430 ConcurrentGCThread "G1 Conc#1" [stack: 0x0000009635600000,0x0000009635700000] [id=3488]
  0x000001e85b8524c0 ConcurrentGCThread "G1 Refine#0" [stack: 0x0000009633400000,0x0000009633500000] [id=14996]
  0x000001e85b852e00 ConcurrentGCThread "G1 Service" [stack: 0x0000009633500000,0x0000009633600000] [id=9108]

Threads with active compile tasks:
C2 CompilerThread0    10156 2844       4       jdk.internal.loader.URLClassPath::getResource (74 bytes)
C2 CompilerThread1    10156 2823       4       java.lang.invoke.MethodType::makeImpl (109 bytes)
C2 CompilerThread2    10156 2845  s!   4       jdk.internal.loader.URLClassPath::getLoader (194 bytes)

VM state: not at safepoint (normal execution)

VM Mutex/Monitor currently owned by a thread: None

Heap address: 0x0000000080000000, size: 2048 MB, Compressed Oops mode: 32-bit

CDS archive(s) not mapped
Compressed class space mapped at: 0x0000000100000000-0x0000000140000000, reserved size: 1073741824
Narrow klass base: 0x0000000000000000, Narrow klass shift: 3, Narrow klass range: 0x140000000

GC Precious Log:
 CPUs: 8 total, 8 available
 Memory: 8075M
 Large Page Support: Disabled
 NUMA Support: Disabled
 Compressed Oops: Enabled (32-bit)
 Heap Region Size: 1M
 Heap Min Capacity: 8M
 Heap Initial Capacity: 128M
 Heap Max Capacity: 2G
 Pre-touch: Disabled
 Parallel Workers: 8
 Concurrent Workers: 2
 Concurrent Refinement Workers: 8
 Periodic GC: Disabled

Heap:
 garbage-first heap   total 65536K, used 27048K [0x0000000080000000, 0x0000000100000000)
  region size 1024K, 8 young (8192K), 3 survivors (3072K)
 Metaspace       used 38025K, committed 38336K, reserved 1114112K
  class space    used 5091K, committed 5248K, reserved 1048576K

Heap Regions: E=young(eden), S=young(survivor), O=old, HS=humongous(starts), HC=humongous(continues), CS=collection set, F=free, OA=open archive, CA=closed archive, TAMS=top-at-mark-start (previous, next)
|   0|0x0000000080000000, 0x0000000080100000, 0x0000000080100000|100%| O|  |TAMS 0x0000000080100000, 0x0000000080000000| Untracked 
|   1|0x0000000080100000, 0x0000000080200000, 0x0000000080200000|100%| O|  |TAMS 0x0000000080200000, 0x0000000080100000| Untracked 
|   2|0x0000000080200000, 0x0000000080300000, 0x0000000080300000|100%| O|  |TAMS 0x0000000080200000, 0x0000000080200000| Untracked 
|   3|0x0000000080300000, 0x0000000080400000, 0x0000000080400000|100%|HS|  |TAMS 0x0000000080400000, 0x0000000080300000| Complete 
|   4|0x0000000080400000, 0x0000000080500000, 0x0000000080500000|100%|HC|  |TAMS 0x0000000080500000, 0x0000000080400000| Complete 
|   5|0x0000000080500000, 0x0000000080600000, 0x0000000080600000|100%|HC|  |TAMS 0x0000000080600000, 0x0000000080500000| Complete 
|   6|0x0000000080600000, 0x0000000080700000, 0x0000000080700000|100%| O|  |TAMS 0x0000000080700000, 0x0000000080600000| Untracked 
|   7|0x0000000080700000, 0x0000000080800000, 0x0000000080800000|100%| O|  |TAMS 0x0000000080800000, 0x0000000080700000| Untracked 
|   8|0x0000000080800000, 0x0000000080900000, 0x0000000080900000|100%| O|  |TAMS 0x0000000080900000, 0x0000000080800000| Untracked 
|   9|0x0000000080900000, 0x0000000080a00000, 0x0000000080a00000|100%| O|  |TAMS 0x0000000080a00000, 0x0000000080900000| Untracked 
|  10|0x0000000080a00000, 0x0000000080b00000, 0x0000000080b00000|100%| O|  |TAMS 0x0000000080b00000, 0x0000000080a00000| Untracked 
|  11|0x0000000080b00000, 0x0000000080c00000, 0x0000000080c00000|100%| O|  |TAMS 0x0000000080c00000, 0x0000000080b00000| Untracked 
|  12|0x0000000080c00000, 0x0000000080d00000, 0x0000000080d00000|100%| O|  |TAMS 0x0000000080d00000, 0x0000000080c00000| Untracked 
|  13|0x0000000080d00000, 0x0000000080e00000, 0x0000000080e00000|100%| O|  |TAMS 0x0000000080e00000, 0x0000000080d00000| Untracked 
|  14|0x0000000080e00000, 0x0000000080f00000, 0x0000000080f00000|100%| O|  |TAMS 0x0000000080f00000, 0x0000000080e00000| Untracked 
|  15|0x0000000080f00000, 0x0000000081000000, 0x0000000081000000|100%| O|  |TAMS 0x0000000081000000, 0x0000000080f00000| Untracked 
|  16|0x0000000081000000, 0x0000000081100000, 0x0000000081100000|100%| O|  |TAMS 0x0000000081100000, 0x0000000081000000| Untracked 
|  17|0x0000000081100000, 0x0000000081200000, 0x0000000081200000|100%| O|  |TAMS 0x0000000081200000, 0x0000000081100000| Untracked 
|  18|0x0000000081200000, 0x0000000081300000, 0x0000000081300000|100%| O|  |TAMS 0x0000000081300000, 0x0000000081200000| Untracked 
|  19|0x0000000081300000, 0x0000000081400000, 0x0000000081400000|100%| O|  |TAMS 0x00000000813bc000, 0x0000000081300000| Untracked 
|  20|0x0000000081400000, 0x0000000081429600, 0x0000000081500000| 16%| O|  |TAMS 0x0000000081400000, 0x0000000081400000| Untracked 
|  21|0x0000000081500000, 0x0000000081500000, 0x0000000081600000|  0%| F|  |TAMS 0x0000000081500000, 0x0000000081500000| Untracked 
|  22|0x0000000081600000, 0x0000000081600000, 0x0000000081700000|  0%| F|  |TAMS 0x0000000081600000, 0x0000000081600000| Untracked 
|  23|0x0000000081700000, 0x0000000081700000, 0x0000000081800000|  0%| F|  |TAMS 0x0000000081700000, 0x0000000081700000| Untracked 
|  24|0x0000000081800000, 0x0000000081800000, 0x0000000081900000|  0%| F|  |TAMS 0x0000000081800000, 0x0000000081800000| Untracked 
|  25|0x0000000081900000, 0x0000000081900000, 0x0000000081a00000|  0%| F|  |TAMS 0x0000000081900000, 0x0000000081900000| Untracked 
|  26|0x0000000081a00000, 0x0000000081a00000, 0x0000000081b00000|  0%| F|  |TAMS 0x0000000081a00000, 0x0000000081a00000| Untracked 
|  27|0x0000000081b00000, 0x0000000081b00000, 0x0000000081c00000|  0%| F|  |TAMS 0x0000000081b00000, 0x0000000081b00000| Untracked 
|  28|0x0000000081c00000, 0x0000000081c00000, 0x0000000081d00000|  0%| F|  |TAMS 0x0000000081c00000, 0x0000000081c00000| Untracked 
|  29|0x0000000081d00000, 0x0000000081d00000, 0x0000000081e00000|  0%| F|  |TAMS 0x0000000081d00000, 0x0000000081d00000| Untracked 
|  30|0x0000000081e00000, 0x0000000081e00000, 0x0000000081f00000|  0%| F|  |TAMS 0x0000000081e00000, 0x0000000081e00000| Untracked 
|  31|0x0000000081f00000, 0x0000000081f00000, 0x0000000082000000|  0%| F|  |TAMS 0x0000000081f00000, 0x0000000081f00000| Untracked 
|  32|0x0000000082000000, 0x0000000082000000, 0x0000000082100000|  0%| F|  |TAMS 0x0000000082000000, 0x0000000082000000| Untracked 
|  33|0x0000000082100000, 0x0000000082100000, 0x0000000082200000|  0%| F|  |TAMS 0x0000000082100000, 0x0000000082100000| Untracked 
|  34|0x0000000082200000, 0x0000000082200000, 0x0000000082300000|  0%| F|  |TAMS 0x0000000082200000, 0x0000000082200000| Untracked 
|  35|0x0000000082300000, 0x0000000082300000, 0x0000000082400000|  0%| F|  |TAMS 0x0000000082300000, 0x0000000082300000| Untracked 
|  36|0x0000000082400000, 0x0000000082400000, 0x0000000082500000|  0%| F|  |TAMS 0x0000000082400000, 0x0000000082400000| Untracked 
|  37|0x0000000082500000, 0x0000000082500000, 0x0000000082600000|  0%| F|  |TAMS 0x0000000082500000, 0x0000000082500000| Untracked 
|  38|0x0000000082600000, 0x0000000082600000, 0x0000000082700000|  0%| F|  |TAMS 0x0000000082600000, 0x0000000082600000| Untracked 
|  39|0x0000000082700000, 0x0000000082700000, 0x0000000082800000|  0%| F|  |TAMS 0x0000000082700000, 0x0000000082700000| Untracked 
|  40|0x0000000082800000, 0x0000000082800000, 0x0000000082900000|  0%| F|  |TAMS 0x0000000082800000, 0x0000000082800000| Untracked 
|  41|0x0000000082900000, 0x0000000082900000, 0x0000000082a00000|  0%| F|  |TAMS 0x0000000082900000, 0x0000000082900000| Untracked 
|  42|0x0000000082a00000, 0x0000000082a00000, 0x0000000082b00000|  0%| F|  |TAMS 0x0000000082a00000, 0x0000000082a00000| Untracked 
|  43|0x0000000082b00000, 0x0000000082b00000, 0x0000000082c00000|  0%| F|  |TAMS 0x0000000082b00000, 0x0000000082b00000| Untracked 
|  44|0x0000000082c00000, 0x0000000082c00000, 0x0000000082d00000|  0%| F|  |TAMS 0x0000000082c00000, 0x0000000082c00000| Untracked 
|  45|0x0000000082d00000, 0x0000000082d00000, 0x0000000082e00000|  0%| F|  |TAMS 0x0000000082d00000, 0x0000000082d00000| Untracked 
|  46|0x0000000082e00000, 0x0000000082e00000, 0x0000000082f00000|  0%| F|  |TAMS 0x0000000082e00000, 0x0000000082e00000| Untracked 
|  47|0x0000000082f00000, 0x0000000082f00000, 0x0000000083000000|  0%| F|  |TAMS 0x0000000082f00000, 0x0000000082f00000| Untracked 
|  48|0x0000000083000000, 0x0000000083000000, 0x0000000083100000|  0%| F|  |TAMS 0x0000000083000000, 0x0000000083000000| Untracked 
|  49|0x0000000083100000, 0x0000000083100000, 0x0000000083200000|  0%| F|  |TAMS 0x0000000083100000, 0x0000000083100000| Untracked 
|  50|0x0000000083200000, 0x0000000083200000, 0x0000000083300000|  0%| F|  |TAMS 0x0000000083200000, 0x0000000083200000| Untracked 
|  51|0x0000000083300000, 0x0000000083300000, 0x0000000083400000|  0%| F|  |TAMS 0x0000000083300000, 0x0000000083300000| Untracked 
|  52|0x0000000083400000, 0x0000000083400000, 0x0000000083500000|  0%| F|  |TAMS 0x0000000083400000, 0x0000000083400000| Untracked 
|  53|0x0000000083500000, 0x0000000083500000, 0x0000000083600000|  0%| F|  |TAMS 0x0000000083500000, 0x0000000083500000| Untracked 
|  76|0x0000000084c00000, 0x0000000084c00000, 0x0000000084d00000|  0%| F|  |TAMS 0x0000000084c00000, 0x0000000084c00000| Untracked 
|  77|0x0000000084d00000, 0x0000000084d00000, 0x0000000084e00000|  0%| F|  |TAMS 0x0000000084d00000, 0x0000000084d00000| Untracked 
|  78|0x0000000084e00000, 0x0000000084eddae8, 0x0000000084f00000| 86%| E|  |TAMS 0x0000000084e00000, 0x0000000084e00000| Complete 
|  79|0x0000000084f00000, 0x0000000085000000, 0x0000000085000000|100%| E|CS|TAMS 0x0000000084f00000, 0x0000000084f00000| Complete 
|  80|0x0000000085000000, 0x0000000085040c00, 0x0000000085100000| 25%| S|CS|TAMS 0x0000000085000000, 0x0000000085000000| Complete 
|  81|0x0000000085100000, 0x0000000085200000, 0x0000000085200000|100%| S|CS|TAMS 0x0000000085100000, 0x0000000085100000| Complete 
|  82|0x0000000085200000, 0x0000000085300000, 0x0000000085300000|100%| S|CS|TAMS 0x0000000085200000, 0x0000000085200000| Complete 
|  83|0x0000000085300000, 0x0000000085400000, 0x0000000085400000|100%| E|CS|TAMS 0x0000000085300000, 0x0000000085300000| Complete 
|  84|0x0000000085400000, 0x0000000085500000, 0x0000000085500000|100%| E|CS|TAMS 0x0000000085400000, 0x0000000085400000| Complete 
| 127|0x0000000087f00000, 0x0000000088000000, 0x0000000088000000|100%| E|CS|TAMS 0x0000000087f00000, 0x0000000087f00000| Complete 

Card table byte_map: [0x000001e8547a0000,0x000001e854ba0000] _byte_map_base: 0x000001e8543a0000

Marking Bits (Prev, Next): (CMBitMap*) 0x000001e8418f55a0, (CMBitMap*) 0x000001e8418f55e0
 Prev Bits: [0x000001e854fa0000, 0x000001e856fa0000)
 Next Bits: [0x000001e856fa0000, 0x000001e858fa0000)

Polling page: 0x000001e83f850000

Metaspace:

Usage:
  Non-class:     32.19 MB used.
      Class:      4.97 MB used.
       Both:     37.17 MB used.

Virtual space:
  Non-class space:       64.00 MB reserved,      32.38 MB ( 51%) committed,  1 nodes.
      Class space:        1.00 GB reserved,       5.12 MB ( <1%) committed,  1 nodes.
             Both:        1.06 GB reserved,      37.50 MB (  3%) committed. 

Chunk freelists:
   Non-Class:  14.78 MB
       Class:  10.72 MB
        Both:  25.50 MB

MaxMetaspaceSize: unlimited
CompressedClassSpaceSize: 1.00 GB
Initial GC threshold: 21.00 MB
Current GC threshold: 58.88 MB
CDS: off
MetaspaceReclaimPolicy: balanced
 - commit_granule_bytes: 65536.
 - commit_granule_words: 8192.
 - virtual_space_node_default_size: 8388608.
 - enlarge_chunks_in_place: 1.
 - new_chunks_are_fully_committed: 0.
 - uncommit_free_chunks: 1.
 - use_allocation_guard: 0.
 - handle_deallocations: 1.


Internal statistics:

num_allocs_failed_limit: 6.
num_arena_births: 278.
num_arena_deaths: 0.
num_vsnodes_births: 2.
num_vsnodes_deaths: 0.
num_space_committed: 600.
num_space_uncommitted: 0.
num_chunks_returned_to_freelist: 6.
num_chunks_taken_from_freelist: 1295.
num_chunk_merges: 6.
num_chunk_splits: 858.
num_chunks_enlarged: 626.
num_inconsistent_stats: 0.

CodeHeap 'non-profiled nmethods': size=120000Kb used=1682Kb max_used=1682Kb free=118317Kb
 bounds [0x000001e84cb40000, 0x000001e84cdb0000, 0x000001e854070000]
CodeHeap 'profiled nmethods': size=120000Kb used=6145Kb max_used=6145Kb free=113854Kb
 bounds [0x000001e845070000, 0x000001e845680000, 0x000001e84c5a0000]
CodeHeap 'non-nmethods': size=5760Kb used=1246Kb max_used=1311Kb free=4513Kb
 bounds [0x000001e84c5a0000, 0x000001e84c810000, 0x000001e84cb40000]
 total_blobs=3578 nmethods=3018 adapters=472
 compilation: enabled
              stopped_count=0, restarted_count=0
 full_count=0

Compilation events (20 events):
Event: 9.773 Thread 0x000001e85bb7e530 2951       3       org.codehaus.groovy.util.LockableObject::lock (25 bytes)
Event: 9.773 Thread 0x000001e85bb7e530 nmethod 2951 0x000001e84564b390 code [0x000001e84564b540, 0x000001e84564b7b8]
Event: 9.773 Thread 0x000001e85bb7e530 2952       3       org.codehaus.groovy.util.LockableObject::unlock (7 bytes)
Event: 9.773 Thread 0x000001e85bb7e530 nmethod 2952 0x000001e84564b890 code [0x000001e84564ba40, 0x000001e84564bcf8]
Event: 9.773 Thread 0x000001e85bb7e530 2953       3       org.codehaus.groovy.util.LockableObject::tryRelease (45 bytes)
Event: 9.774 Thread 0x000001e85bb7e530 nmethod 2953 0x000001e84564be10 code [0x000001e84564bfc0, 0x000001e84564c288]
Event: 9.779 Thread 0x000001e85bb7e530 2955       3       org.codehaus.groovy.reflection.CachedClass::getInterfaces (11 bytes)
Event: 9.780 Thread 0x000001e85bb7e530 nmethod 2955 0x000001e84564c390 code [0x000001e84564c540, 0x000001e84564c808]
Event: 9.780 Thread 0x000001e85bb7e530 2956       3       java.util.WeakHashMap::get (75 bytes)
Event: 9.781 Thread 0x000001e85bb7e530 nmethod 2956 0x000001e84564c910 code [0x000001e84564cb40, 0x000001e84564d3f8]
Event: 9.781 Thread 0x000001e85bb7e530 2958       3       org.codehaus.groovy.util.ReferenceType$1::createReference (11 bytes)
Event: 9.781 Thread 0x000001e85bb7e530 nmethod 2958 0x000001e84564d790 code [0x000001e84564d960, 0x000001e84564ddd8]
Event: 9.781 Thread 0x000001e85bb7e530 2959       3       org.codehaus.groovy.util.ReferenceType$SoftRef::<init> (12 bytes)
Event: 9.782 Thread 0x000001e85bb7e530 nmethod 2959 0x000001e84564df90 code [0x000001e84564e140, 0x000001e84564e4f8]
Event: 9.809 Thread 0x000001e85bb7e530 2960       1       java.util.logging.LogManager$LoggerContext::getOwner (5 bytes)
Event: 9.810 Thread 0x000001e85bb7e530 nmethod 2960 0x000001e84cce0e10 code [0x000001e84cce0fa0, 0x000001e84cce1078]
Event: 9.812 Thread 0x000001e85bb7e530 2961       3       java.util.concurrent.locks.LockSupport::parkNanos (29 bytes)
Event: 9.814 Thread 0x000001e85bb7e530 nmethod 2961 0x000001e84564e610 code [0x000001e84564e7e0, 0x000001e84564e9e8]
Event: 9.853 Thread 0x000001e85bb7e530 2962       3       java.lang.invoke.MethodHandleNatives$CallSiteContext::run (5 bytes)
Event: 9.854 Thread 0x000001e85bb7e530 nmethod 2962 0x000001e84564eb10 code [0x000001e84564eca0, 0x000001e84564edc8]

GC Heap History (16 events):
Event: 2.103 GC heap before
{Heap before GC invocations=0 (full 0):
 garbage-first heap   total 131072K, used 28672K [0x0000000080000000, 0x0000000100000000)
  region size 1024K, 23 young (23552K), 0 survivors (0K)
 Metaspace       used 10292K, committed 10496K, reserved 1114112K
  class space    used 1064K, committed 1152K, reserved 1048576K
}
Event: 2.115 GC heap after
{Heap after GC invocations=1 (full 0):
 garbage-first heap   total 131072K, used 9089K [0x0000000080000000, 0x0000000100000000)
  region size 1024K, 3 young (3072K), 3 survivors (3072K)
 Metaspace       used 10292K, committed 10496K, reserved 1114112K
  class space    used 1064K, committed 1152K, reserved 1048576K
}
Event: 3.218 GC heap before
{Heap before GC invocations=1 (full 0):
 garbage-first heap   total 131072K, used 36737K [0x0000000080000000, 0x0000000100000000)
  region size 1024K, 30 young (30720K), 3 survivors (3072K)
 Metaspace       used 11247K, committed 11456K, reserved 1114112K
  class space    used 1165K, committed 1280K, reserved 1048576K
}
Event: 3.226 GC heap after
{Heap after GC invocations=2 (full 0):
 garbage-first heap   total 131072K, used 12736K [0x0000000080000000, 0x0000000100000000)
  region size 1024K, 4 young (4096K), 4 survivors (4096K)
 Metaspace       used 11247K, committed 11456K, reserved 1114112K
  class space    used 1165K, committed 1280K, reserved 1048576K
}
Event: 6.056 GC heap before
{Heap before GC invocations=2 (full 0):
 garbage-first heap   total 131072K, used 50624K [0x0000000080000000, 0x0000000100000000)
  region size 1024K, 43 young (44032K), 4 survivors (4096K)
 Metaspace       used 21262K, committed 21504K, reserved 1114112K
  class space    used 2549K, committed 2688K, reserved 1048576K
}
Event: 6.074 GC heap after
{Heap after GC invocations=3 (full 0):
 garbage-first heap   total 131072K, used 17626K [0x0000000080000000, 0x0000000100000000)
  region size 1024K, 9 young (9216K), 9 survivors (9216K)
 Metaspace       used 21262K, committed 21504K, reserved 1114112K
  class space    used 2549K, committed 2688K, reserved 1048576K
}
Event: 7.476 GC heap before
{Heap before GC invocations=4 (full 0):
 garbage-first heap   total 65536K, used 47322K [0x0000000080000000, 0x0000000100000000)
  region size 1024K, 38 young (38912K), 9 survivors (9216K)
 Metaspace       used 26196K, committed 26432K, reserved 1114112K
  class space    used 3417K, committed 3520K, reserved 1048576K
}
Event: 7.486 GC heap after
{Heap after GC invocations=5 (full 0):
 garbage-first heap   total 65536K, used 19444K [0x0000000080000000, 0x0000000100000000)
  region size 1024K, 2 young (2048K), 2 survivors (2048K)
 Metaspace       used 26196K, committed 26432K, reserved 1114112K
  class space    used 3417K, committed 3520K, reserved 1048576K
}
Event: 7.526 GC heap before
{Heap before GC invocations=5 (full 0):
 garbage-first heap   total 65536K, used 20468K [0x0000000080000000, 0x0000000100000000)
  region size 1024K, 3 young (3072K), 2 survivors (2048K)
 Metaspace       used 26371K, committed 26624K, reserved 1114112K
  class space    used 3444K, committed 3584K, reserved 1048576K
}
Event: 7.532 GC heap after
{Heap after GC invocations=6 (full 0):
 garbage-first heap   total 65536K, used 19472K [0x0000000080000000, 0x0000000100000000)
  region size 1024K, 1 young (1024K), 1 survivors (1024K)
 Metaspace       used 26371K, committed 26624K, reserved 1114112K
  class space    used 3444K, committed 3584K, reserved 1048576K
}
Event: 8.543 GC heap before
{Heap before GC invocations=6 (full 0):
 garbage-first heap   total 65536K, used 45072K [0x0000000080000000, 0x0000000100000000)
  region size 1024K, 26 young (26624K), 1 survivors (1024K)
 Metaspace       used 30443K, committed 30848K, reserved 1114112K
  class space    used 4099K, committed 4288K, reserved 1048576K
}
Event: 8.547 GC heap after
{Heap after GC invocations=7 (full 0):
 garbage-first heap   total 65536K, used 20693K [0x0000000080000000, 0x0000000100000000)
  region size 1024K, 2 young (2048K), 2 survivors (2048K)
 Metaspace       used 30443K, committed 30848K, reserved 1114112K
  class space    used 4099K, committed 4288K, reserved 1048576K
}
Event: 9.693 GC heap before
{Heap before GC invocations=7 (full 0):
 garbage-first heap   total 65536K, used 47317K [0x0000000080000000, 0x0000000100000000)
  region size 1024K, 28 young (28672K), 2 survivors (2048K)
 Metaspace       used 35039K, committed 35456K, reserved 1114112K
  class space    used 4816K, committed 4992K, reserved 1048576K
}
Event: 9.698 GC heap after
{Heap after GC invocations=8 (full 0):
 garbage-first heap   total 65536K, used 22533K [0x0000000080000000, 0x0000000100000000)
  region size 1024K, 4 young (4096K), 4 survivors (4096K)
 Metaspace       used 35039K, committed 35456K, reserved 1114112K
  class space    used 4816K, committed 4992K, reserved 1048576K
}
Event: 9.848 GC heap before
{Heap before GC invocations=8 (full 0):
 garbage-first heap   total 65536K, used 23557K [0x0000000080000000, 0x0000000100000000)
  region size 1024K, 7 young (7168K), 4 survivors (4096K)
 Metaspace       used 35646K, committed 35968K, reserved 1114112K
  class space    used 4861K, committed 4992K, reserved 1048576K
}
Event: 9.853 GC heap after
{Heap after GC invocations=9 (full 0):
 garbage-first heap   total 65536K, used 22952K [0x0000000080000000, 0x0000000100000000)
  region size 1024K, 3 young (3072K), 3 survivors (3072K)
 Metaspace       used 35646K, committed 35968K, reserved 1114112K
  class space    used 4861K, committed 4992K, reserved 1048576K
}

Dll operation events (3 events):
Event: 0.015 Loaded shared library C:\Users\Marcin\.jdks\jbr-17.0.8.1\bin\java.dll
Event: 0.192 Loaded shared library C:\Users\Marcin\.jdks\jbr-17.0.8.1\bin\jsvml.dll
Event: 1.384 Loaded shared library C:\Users\Marcin\.jdks\jbr-17.0.8.1\bin\verify.dll

Deoptimization events (20 events):
Event: 8.499 Thread 0x000001e86144dbb0 DEOPT PACKING pc=0x000001e84cb92508 sp=0x0000009634ef8090
Event: 8.499 Thread 0x000001e86144dbb0 DEOPT UNPACKING pc=0x000001e84c5f69a3 sp=0x0000009634ef7f38 mode 2
Event: 8.768 Thread 0x000001e86144dbb0 DEOPT PACKING pc=0x000001e84543d954 sp=0x0000009634ef4ec0
Event: 8.768 Thread 0x000001e86144dbb0 DEOPT UNPACKING pc=0x000001e84c5f7143 sp=0x0000009634ef4418 mode 0
Event: 9.488 Thread 0x000001e86144dbb0 Uncommon trap: trap_request=0xffffff45 fr.pc=0x000001e84cc8bde8 relative=0x0000000000005e88
Event: 9.488 Thread 0x000001e86144dbb0 Uncommon trap: reason=unstable_if action=reinterpret pc=0x000001e84cc8bde8 method=java.net.URLClassLoader.defineClass(Ljava/lang/String;Ljdk/internal/loader/Resource;)Ljava/lang/Class; @ 21 c2
Event: 9.488 Thread 0x000001e86144dbb0 DEOPT PACKING pc=0x000001e84cc8bde8 sp=0x0000009634efa970
Event: 9.488 Thread 0x000001e86144dbb0 DEOPT UNPACKING pc=0x000001e84c5f69a3 sp=0x0000009634efa770 mode 2
Event: 9.488 Thread 0x000001e86144dbb0 Uncommon trap: trap_request=0xffffff45 fr.pc=0x000001e84cc6436c relative=0x00000000000061cc
Event: 9.488 Thread 0x000001e86144dbb0 Uncommon trap: reason=unstable_if action=reinterpret pc=0x000001e84cc6436c method=java.lang.ClassLoader.getClassLoadingLock(Ljava/lang/String;)Ljava/lang/Object; @ 6 c2
Event: 9.489 Thread 0x000001e86144dbb0 DEOPT PACKING pc=0x000001e84cc6436c sp=0x0000009634ef8d50
Event: 9.489 Thread 0x000001e86144dbb0 DEOPT UNPACKING pc=0x000001e84c5f69a3 sp=0x0000009634ef8d80 mode 2
Event: 9.491 Thread 0x000001e86144dbb0 Uncommon trap: trap_request=0xffffff45 fr.pc=0x000001e84cc3a90c relative=0x00000000000000ec
Event: 9.491 Thread 0x000001e86144dbb0 Uncommon trap: reason=unstable_if action=reinterpret pc=0x000001e84cc3a90c method=java.lang.ClassLoader.getClassLoadingLock(Ljava/lang/String;)Ljava/lang/Object; @ 6 c2
Event: 9.491 Thread 0x000001e86144dbb0 DEOPT PACKING pc=0x000001e84cc3a90c sp=0x0000009634ef9020
Event: 9.491 Thread 0x000001e86144dbb0 DEOPT UNPACKING pc=0x000001e84c5f69a3 sp=0x0000009634ef8fc0 mode 2
Event: 9.491 Thread 0x000001e86144dbb0 Uncommon trap: trap_request=0xffffff45 fr.pc=0x000001e84ccc1494 relative=0x0000000000000754
Event: 9.491 Thread 0x000001e86144dbb0 Uncommon trap: reason=unstable_if action=reinterpret pc=0x000001e84ccc1494 method=java.lang.Class.getPackageName()Ljava/lang/String; @ 55 c2
Event: 9.491 Thread 0x000001e86144dbb0 DEOPT PACKING pc=0x000001e84ccc1494 sp=0x0000009634efa540
Event: 9.491 Thread 0x000001e86144dbb0 DEOPT UNPACKING pc=0x000001e84c5f69a3 sp=0x0000009634efa500 mode 2

Classes unloaded (0 events):
No events

Classes redefined (0 events):
No events

Internal exceptions (20 events):
Event: 8.613 Thread 0x000001e86144dbb0 Exception <a 'java/lang/NoSuchMethodError'{0x000000008545c1c0}: 'java.lang.Object java.lang.invoke.DirectMethodHandle$Holder.newInvokeSpecial(java.lang.Object, java.lang.Object, java.lang.Object, java.lang.Object, java.lang.Object, java.lang.Object, java.lang.Object, java.lang.Object, java.lang.Object, java.lang.Object, java.lang.Object)'> (0x000000008545c1c0) 
thrown [s\src\hotspot\share\interpreter\linkResolver.cpp, line 771]
Event: 8.614 Thread 0x000001e86144dbb0 Exception <a 'java/lang/NoSuchMethodError'{0x0000000085461df0}: 'java.lang.Object java.lang.invoke.DirectMethodHandle$Holder.invokeSpecial(java.lang.Object, java.lang.Object, java.lang.Object, java.lang.Object, java.lang.Object, java.lang.Object, java.lang.Object, java.lang.Object, java.lang.Object, java.lang.Object, java.lang.Object, java.lang.Object)'> (0x0000000085461df0) 
thrown [s\src\hotspot\share\interpreter\linkResolver.cpp, line 771]
Event: 8.615 Thread 0x000001e86144dbb0 Exception <a 'java/lang/NoSuchMethodError'{0x00000000854671e0}: 'java.lang.Object java.lang.invoke.Invokers$Holder.linkToTargetMethod(java.lang.Object, java.lang.Object, java.lang.Object, java.lang.Object, java.lang.Object, java.lang.Object, java.lang.Object, java.lang.Object, java.lang.Object, java.lang.Object, java.lang.Object)'> (0x00000000854671e0) 
thrown [s\src\hotspot\share\interpreter\linkResolver.cpp, line 771]
Event: 8.628 Thread 0x000001e86144dbb0 Exception <a 'java/lang/NoSuchMethodError'{0x00000000854ae120}: 'java.lang.Object java.lang.invoke.DirectMethodHandle$Holder.invokeSpecial(java.lang.Object, java.lang.Object, java.lang.Object, java.lang.Object, java.lang.Object, java.lang.Object, java.lang.Object, java.lang.Object, java.lang.Object, java.lang.Object, java.lang.Object, java.lang.Object, java.lang.Object, java.lang.Object)'> (0x00000000854ae120) 
thrown [s\src\hotspot\share\interpreter\linkResolver.cpp, line 771]
Event: 8.630 Thread 0x000001e86144dbb0 Exception <a 'java/lang/NoSuchMethodError'{0x00000000854c04f0}: 'java.lang.Object java.lang.invoke.DirectMethodHandle$Holder.newInvokeSpecial(java.lang.Object, java.lang.Object, java.lang.Object, java.lang.Object, java.lang.Object, java.lang.Object, java.lang.Object, java.lang.Object, java.lang.Object, java.lang.Object, java.lang.Object, java.lang.Object)'> (0x00000000854c04f0) 
thrown [s\src\hotspot\share\interpreter\linkResolver.cpp, line 771]
Event: 8.631 Thread 0x000001e86144dbb0 Exception <a 'java/lang/NoSuchMethodError'{0x00000000854c5be0}: 'java.lang.Object java.lang.invoke.Invokers$Holder.linkToTargetMethod(java.lang.Object, java.lang.Object, java.lang.Object, java.lang.Object, java.lang.Object, java.lang.Object, java.lang.Object, java.lang.Object, java.lang.Object, java.lang.Object, java.lang.Object, java.lang.Object)'> (0x00000000854c5be0) 
thrown [s\src\hotspot\share\interpreter\linkResolver.cpp, line 771]
Event: 8.669 Thread 0x000001e86144dbb0 Exception <a 'java/lang/NoSuchMethodError'{0x00000000853560e0}: 'java.lang.Object java.lang.invoke.DirectMethodHandle$Holder.invokeStaticInit(java.lang.Object, java.lang.Object, java.lang.Object, java.lang.Object)'> (0x00000000853560e0) 
thrown [s\src\hotspot\share\interpreter\linkResolver.cpp, line 771]
Event: 8.886 Thread 0x000001e86144dbb0 Exception <a 'java/lang/NoSuchMethodError'{0x0000000084eb09a0}: 'java.lang.Object java.lang.invoke.DirectMethodHandle$Holder.newInvokeSpecial(java.lang.Object, java.lang.Object, java.lang.Object, java.lang.Object, java.lang.Object, java.lang.Object, java.lang.Object, java.lang.Object)'> (0x0000000084eb09a0) 
thrown [s\src\hotspot\share\interpreter\linkResolver.cpp, line 771]
Event: 8.886 Thread 0x000001e86144dbb0 Exception <a 'java/lang/NoSuchMethodError'{0x0000000084eb6780}: 'java.lang.Object java.lang.invoke.Invokers$Holder.linkToTargetMethod(java.lang.Object, java.lang.Object, java.lang.Object, java.lang.Object, java.lang.Object, java.lang.Object, java.lang.Object, java.lang.Object)'> (0x0000000084eb6780) 
thrown [s\src\hotspot\share\interpreter\linkResolver.cpp, line 771]
Event: 8.904 Thread 0x000001e86144dbb0 Exception <a 'java/lang/IncompatibleClassChangeError'{0x0000000084d26810}: Found class java.lang.Object, but interface was expected> (0x0000000084d26810) 
thrown [s\src\hotspot\share\interpreter\linkResolver.cpp, line 838]
Event: 9.320 Thread 0x000001e86144dbb0 Exception <a 'java/lang/NoSuchMethodError'{0x0000000082ef5f68}: 'java.lang.Object java.lang.invoke.DirectMethodHandle$Holder.newInvokeSpecial(java.lang.Object, java.lang.Object, long)'> (0x0000000082ef5f68) 
thrown [s\src\hotspot\share\interpreter\linkResolver.cpp, line 771]
Event: 9.321 Thread 0x000001e86144dbb0 Exception <a 'java/lang/NoSuchMethodError'{0x0000000082efa578}: 'java.lang.Object java.lang.invoke.Invokers$Holder.linkToTargetMethod(java.lang.Object, long, java.lang.Object)'> (0x0000000082efa578) 
thrown [s\src\hotspot\share\interpreter\linkResolver.cpp, line 771]
Event: 9.364 Thread 0x000001e86144dbb0 Exception <a 'java/lang/NoSuchMethodError'{0x0000000082dbfc38}: 'int java.lang.invoke.DirectMethodHandle$Holder.invokeInterface(java.lang.Object, java.lang.Object)'> (0x0000000082dbfc38) 
thrown [s\src\hotspot\share\interpreter\linkResolver.cpp, line 771]
Event: 9.377 Thread 0x000001e86144dbb0 Exception <a 'java/lang/NoSuchMethodError'{0x0000000082de5558}: 'java.lang.Object java.lang.invoke.DirectMethodHandle$Holder.invokeStatic(java.lang.Object, java.lang.Object, int, java.lang.Object)'> (0x0000000082de5558) 
thrown [s\src\hotspot\share\interpreter\linkResolver.cpp, line 771]
Event: 9.378 Thread 0x000001e86144dbb0 Exception <a 'java/lang/NoSuchMethodError'{0x0000000082ded110}: 'java.lang.Object java.lang.invoke.DirectMethodHandle$Holder.newInvokeSpecial(java.lang.Object, java.lang.Object, int, java.lang.Object)'> (0x0000000082ded110) 
thrown [s\src\hotspot\share\interpreter\linkResolver.cpp, line 771]
Event: 9.379 Thread 0x000001e86144dbb0 Exception <a 'java/lang/NoSuchMethodError'{0x0000000082df19f8}: 'java.lang.Object java.lang.invoke.DirectMethodHandle$Holder.invokeSpecial(java.lang.Object, java.lang.Object, java.lang.Object, int, java.lang.Object)'> (0x0000000082df19f8) 
thrown [s\src\hotspot\share\interpreter\linkResolver.cpp, line 771]
Event: 9.681 Thread 0x000001e86144dbb0 Exception <a 'java/lang/NoSuchMethodError'{0x00000000826b8ae0}: 'void java.lang.invoke.DirectMethodHandle$Holder.invokeStaticInit(java.lang.Object, java.lang.Object, java.lang.Object)'> (0x00000000826b8ae0) 
thrown [s\src\hotspot\share\interpreter\linkResolver.cpp, line 771]
Event: 9.682 Thread 0x000001e86144dbb0 Exception <a 'java/lang/NoSuchMethodError'{0x00000000826bffe0}: 'void java.lang.invoke.DirectMethodHandle$Holder.invokeStaticInit(java.lang.Object, java.lang.Object, java.lang.Object, java.lang.Object)'> (0x00000000826bffe0) 
thrown [s\src\hotspot\share\interpreter\linkResolver.cpp, line 771]
Event: 9.687 Thread 0x000001e86144dbb0 Exception <a 'java/lang/NoSuchMethodError'{0x00000000826e2b38}: 'void java.lang.invoke.DirectMethodHandle$Holder.invokeStaticInit(java.lang.Object, java.lang.Object, java.lang.Object, java.lang.Object, java.lang.Object)'> (0x00000000826e2b38) 
thrown [s\src\hotspot\share\interpreter\linkResolver.cpp, line 771]
Event: 9.723 Thread 0x000001e86144dbb0 Exception <a 'java/lang/NoSuchMethodError'{0x0000000087f55c78}: 'int java.lang.invoke.DirectMethodHandle$Holder.invokeStaticInit(java.lang.Object, java.lang.Object, java.lang.Object, java.lang.Object)'> (0x0000000087f55c78) 
thrown [s\src\hotspot\share\interpreter\linkResolver.cpp, line 771]

VM Operations (20 events):
Event: 8.506 Executing VM operation: HandshakeAllThreads
Event: 8.506 Executing VM operation: HandshakeAllThreads done
Event: 8.543 Executing VM operation: G1CollectForAllocation
Event: 8.547 Executing VM operation: G1CollectForAllocation done
Event: 9.081 Executing VM operation: HandshakeAllThreads
Event: 9.081 Executing VM operation: HandshakeAllThreads done
Event: 9.413 Executing VM operation: HandshakeAllThreads
Event: 9.413 Executing VM operation: HandshakeAllThreads done
Event: 9.415 Executing VM operation: HandshakeAllThreads
Event: 9.415 Executing VM operation: HandshakeAllThreads done
Event: 9.489 Executing VM operation: HandshakeAllThreads
Event: 9.491 Executing VM operation: HandshakeAllThreads done
Event: 9.600 Executing VM operation: HandshakeAllThreads
Event: 9.600 Executing VM operation: HandshakeAllThreads done
Event: 9.600 Executing VM operation: Cleanup
Event: 9.601 Executing VM operation: Cleanup done
Event: 9.692 Executing VM operation: G1CollectForAllocation
Event: 9.698 Executing VM operation: G1CollectForAllocation done
Event: 9.848 Executing VM operation: CollectForMetadataAllocation
Event: 9.853 Executing VM operation: CollectForMetadataAllocation done

Events (20 events):
Event: 9.672 loading class java/lang/IllegalCallerException done
Event: 9.673 loading class jdk/internal/module/SystemModules$all
Event: 9.675 loading class jdk/internal/module/SystemModules$all done
Event: 9.679 loading class java/util/Spliterators$IteratorSpliterator
Event: 9.680 loading class java/util/Spliterators$IteratorSpliterator done
Event: 9.712 Thread 0x000001e861ec9090 Thread added: 0x000001e861ec9090
Event: 9.728 loading class java/util/HashMap$KeySpliterator
Event: 9.728 loading class java/util/HashMap$KeySpliterator done
Event: 9.757 loading class java/lang/ClassFormatError
Event: 9.757 loading class java/lang/ClassFormatError done
Event: 9.775 loading class java/lang/ProcessHandle$Info
Event: 9.775 loading class java/lang/ProcessHandle$Info done
Event: 9.776 loading class java/lang/ProcessHandle
Event: 9.776 loading class java/lang/ProcessHandle done
Event: 9.776 loading class java/util/concurrent/CompletableFuture
Event: 9.778 loading class java/util/concurrent/CompletionStage
Event: 9.778 loading class java/util/concurrent/CompletionStage done
Event: 9.779 loading class java/util/concurrent/CompletableFuture done
Event: 9.782 loading class java/io/UnsupportedEncodingException
Event: 9.782 loading class java/io/UnsupportedEncodingException done


Dynamic libraries:
0x00007ff75c130000 - 0x00007ff75c13a000 	C:\Users\Marcin\.jdks\jbr-17.0.8.1\bin\java.exe
0x00007ffafb710000 - 0x00007ffafb908000 	C:\WINDOWS\SYSTEM32\ntdll.dll
0x00007ffafb610000 - 0x00007ffafb6cd000 	C:\WINDOWS\System32\KERNEL32.DLL
0x00007ffaf91f0000 - 0x00007ffaf94e6000 	C:\WINDOWS\System32\KERNELBASE.dll
0x00007ffaf9090000 - 0x00007ffaf9190000 	C:\WINDOWS\System32\ucrtbase.dll
0x00007ffaf0620000 - 0x00007ffaf0637000 	C:\Users\Marcin\.jdks\jbr-17.0.8.1\bin\jli.dll
0x00007ffaf9810000 - 0x00007ffaf99ae000 	C:\WINDOWS\System32\USER32.dll
0x00007ffaf91c0000 - 0x00007ffaf91e2000 	C:\WINDOWS\System32\win32u.dll
0x00007ffaf9a90000 - 0x00007ffaf9abc000 	C:\WINDOWS\System32\GDI32.dll
0x00007ffaf9650000 - 0x00007ffaf976a000 	C:\WINDOWS\System32\gdi32full.dll
0x00007ffaf8ed0000 - 0x00007ffaf8f6d000 	C:\WINDOWS\System32\msvcp_win.dll
0x00007ffad8300000 - 0x00007ffad831b000 	C:\Users\Marcin\.jdks\jbr-17.0.8.1\bin\VCRUNTIME140.dll
0x00007ffae8cb0000 - 0x00007ffae8f4a000 	C:\WINDOWS\WinSxS\amd64_microsoft.windows.common-controls_6595b64144ccf1df_6.0.19041.1110_none_60b5254171f9507e\COMCTL32.dll
0x00007ffafa9e0000 - 0x00007ffafaa7e000 	C:\WINDOWS\System32\msvcrt.dll
0x00007ffaf99b0000 - 0x00007ffaf99e0000 	C:\WINDOWS\System32\IMM32.DLL
0x00007ffaf3fe0000 - 0x00007ffaf3fec000 	C:\Users\Marcin\.jdks\jbr-17.0.8.1\bin\vcruntime140_1.dll
0x00007ffad48a0000 - 0x00007ffad492d000 	C:\Users\Marcin\.jdks\jbr-17.0.8.1\bin\msvcp140.dll
0x00007ffa9dff0000 - 0x00007ffa9ec73000 	C:\Users\Marcin\.jdks\jbr-17.0.8.1\bin\server\jvm.dll
0x00007ffaf99e0000 - 0x00007ffaf9a8e000 	C:\WINDOWS\System32\ADVAPI32.dll
0x00007ffafa940000 - 0x00007ffafa9dc000 	C:\WINDOWS\System32\sechost.dll
0x00007ffaf9ac0000 - 0x00007ffaf9be6000 	C:\WINDOWS\System32\RPCRT4.dll
0x00007ffaf8c50000 - 0x00007ffaf8c9b000 	C:\WINDOWS\SYSTEM32\POWRPROF.dll
0x00007ffae5e50000 - 0x00007ffae5e59000 	C:\WINDOWS\SYSTEM32\WSOCK32.dll
0x00007ffafb240000 - 0x00007ffafb2ab000 	C:\WINDOWS\System32\WS2_32.dll
0x00007ffae9100000 - 0x00007ffae9127000 	C:\WINDOWS\SYSTEM32\WINMM.dll
0x00007ffaf0070000 - 0x00007ffaf007a000 	C:\WINDOWS\SYSTEM32\VERSION.dll
0x00007ffaf8c30000 - 0x00007ffaf8c42000 	C:\WINDOWS\SYSTEM32\UMPDC.dll
0x00007ffaf7660000 - 0x00007ffaf7672000 	C:\WINDOWS\SYSTEM32\kernel.appcore.dll
0x00007ffaf3fc0000 - 0x00007ffaf3fca000 	C:\Users\Marcin\.jdks\jbr-17.0.8.1\bin\jimage.dll
0x00007ffaf7320000 - 0x00007ffaf7504000 	C:\WINDOWS\SYSTEM32\DBGHELP.DLL
0x00007ffadfa00000 - 0x00007ffadfa34000 	C:\WINDOWS\SYSTEM32\dbgcore.DLL
0x00007ffaf8df0000 - 0x00007ffaf8e72000 	C:\WINDOWS\System32\bcryptPrimitives.dll
0x00007ffad82d0000 - 0x00007ffad82f5000 	C:\Users\Marcin\.jdks\jbr-17.0.8.1\bin\java.dll
0x00007ffad3880000 - 0x00007ffad3898000 	C:\Users\Marcin\.jdks\jbr-17.0.8.1\bin\zip.dll
0x00007ffad0ec0000 - 0x00007ffad0f97000 	C:\Users\Marcin\.jdks\jbr-17.0.8.1\bin\jsvml.dll
0x00007ffaf9ed0000 - 0x00007ffafa615000 	C:\WINDOWS\System32\SHELL32.dll
0x00007ffaf6ab0000 - 0x00007ffaf724b000 	C:\WINDOWS\SYSTEM32\windows.storage.dll
0x00007ffafb2b0000 - 0x00007ffafb604000 	C:\WINDOWS\System32\combase.dll
0x00007ffaf8760000 - 0x00007ffaf878e000 	C:\WINDOWS\SYSTEM32\Wldp.dll
0x00007ffafa890000 - 0x00007ffafa93d000 	C:\WINDOWS\System32\SHCORE.dll
0x00007ffafa620000 - 0x00007ffafa675000 	C:\WINDOWS\System32\shlwapi.dll
0x00007ffaf8d20000 - 0x00007ffaf8d45000 	C:\WINDOWS\SYSTEM32\profapi.dll
0x00007ffad3860000 - 0x00007ffad3879000 	C:\Users\Marcin\.jdks\jbr-17.0.8.1\bin\net.dll
0x00007ffaf3130000 - 0x00007ffaf323a000 	C:\WINDOWS\SYSTEM32\WINHTTP.dll
0x00007ffaf84c0000 - 0x00007ffaf852a000 	C:\WINDOWS\system32\mswsock.dll
0x00007ffad3240000 - 0x00007ffad3256000 	C:\Users\Marcin\.jdks\jbr-17.0.8.1\bin\nio.dll
0x00007ffaf0840000 - 0x00007ffaf0850000 	C:\Users\Marcin\.jdks\jbr-17.0.8.1\bin\verify.dll
0x00007ffaf0850000 - 0x00007ffaf0877000 	C:\Users\Marcin\.gradle\native\e1d6ef7f7dcc3fd88c89a11ec53ec762bb8ba0a96d01ffa2cd45eb1d1d8dd5c5\windows-amd64\native-platform.dll
0x00007ffabc3c0000 - 0x00007ffabc504000 	C:\Users\Marcin\.gradle\native\0d407fdbe67a94daf76414ababcb853783967236a71b16ec16e742cd7a986fd3\windows-amd64\native-platform-file-events.dll
0x00007ffaf0610000 - 0x00007ffaf0619000 	C:\Users\Marcin\.jdks\jbr-17.0.8.1\bin\management.dll
0x00007ffad82c0000 - 0x00007ffad82cb000 	C:\Users\Marcin\.jdks\jbr-17.0.8.1\bin\management_ext.dll
0x00007ffafaf90000 - 0x00007ffafaf98000 	C:\WINDOWS\System32\PSAPI.DLL
0x00007ffaf86c0000 - 0x00007ffaf86d8000 	C:\WINDOWS\SYSTEM32\CRYPTSP.dll
0x00007ffaf7dd0000 - 0x00007ffaf7e04000 	C:\WINDOWS\system32\rsaenh.dll
0x00007ffaf9190000 - 0x00007ffaf91b7000 	C:\WINDOWS\System32\bcrypt.dll
0x00007ffaf8ce0000 - 0x00007ffaf8d0e000 	C:\WINDOWS\SYSTEM32\USERENV.dll
0x00007ffaf86b0000 - 0x00007ffaf86bc000 	C:\WINDOWS\SYSTEM32\CRYPTBASE.dll
0x00007ffaf81b0000 - 0x00007ffaf81eb000 	C:\WINDOWS\SYSTEM32\IPHLPAPI.DLL
0x00007ffaf9800000 - 0x00007ffaf9808000 	C:\WINDOWS\System32\NSI.dll
0x00007ffaf00a0000 - 0x00007ffaf00b7000 	C:\WINDOWS\SYSTEM32\dhcpcsvc6.DLL
0x00007ffaf0080000 - 0x00007ffaf009d000 	C:\WINDOWS\SYSTEM32\dhcpcsvc.DLL
0x00007ffaf81f0000 - 0x00007ffaf82ba000 	C:\WINDOWS\SYSTEM32\DNSAPI.dll
0x00007ffad3fa0000 - 0x00007ffad3fae000 	C:\Users\Marcin\.jdks\jbr-17.0.8.1\bin\sunmscapi.dll
0x00007ffaf94f0000 - 0x00007ffaf964e000 	C:\WINDOWS\System32\CRYPT32.dll
0x00007ffaf87d0000 - 0x00007ffaf87f8000 	C:\WINDOWS\SYSTEM32\ncrypt.dll
0x00007ffaf8790000 - 0x00007ffaf87cb000 	C:\WINDOWS\SYSTEM32\NTASN1.dll
0x00007ffad3e60000 - 0x00007ffad3e67000 	C:\WINDOWS\system32\wshunix.dll

dbghelp: loaded successfully - version: 4.0.5 - missing functions: none
symbol engine: initialized successfully - sym options: 0x614 - pdb path: .;C:\Users\Marcin\.jdks\jbr-17.0.8.1\bin;C:\WINDOWS\SYSTEM32;C:\WINDOWS\WinSxS\amd64_microsoft.windows.common-controls_6595b64144ccf1df_6.0.19041.1110_none_60b5254171f9507e;C:\Users\Marcin\.jdks\jbr-17.0.8.1\bin\server;C:\Users\Marcin\.gradle\native\e1d6ef7f7dcc3fd88c89a11ec53ec762bb8ba0a96d01ffa2cd45eb1d1d8dd5c5\windows-amd64;C:\Users\Marcin\.gradle\native\0d407fdbe67a94daf76414ababcb853783967236a71b16ec16e742cd7a986fd3\windows-amd64

VM Arguments:
jvm_args: --add-opens=java.base/java.util=ALL-UNNAMED --add-opens=java.base/java.lang=ALL-UNNAMED --add-opens=java.base/java.lang.invoke=ALL-UNNAMED --add-opens=java.base/java.util=ALL-UNNAMED --add-opens=java.prefs/java.util.prefs=ALL-UNNAMED --add-opens=java.prefs/java.util.prefs=ALL-UNNAMED --add-opens=java.base/java.nio.charset=ALL-UNNAMED --add-opens=java.base/java.net=ALL-UNNAMED --add-opens=java.base/java.util.concurrent.atomic=ALL-UNNAMED -Xmx2048m -Dfile.encoding=UTF-8 -Duser.country=PL -Duser.language=pl -Duser.variant 
java_command: org.gradle.launcher.daemon.bootstrap.GradleDaemon 7.5
java_class_path (initial): C:\Users\Marcin\.gradle\wrapper\dists\gradle-7.5-bin\f1w0cc9nuo0eivz97x2xlu9sv\gradle-7.5\lib\gradle-launcher-7.5.jar
Launcher Type: SUN_STANDARD

[Global flags]
     intx CICompilerCount                          = 4                                         {product} {ergonomic}
     uint ConcGCThreads                            = 2                                         {product} {ergonomic}
     uint G1ConcRefinementThreads                  = 8                                         {product} {ergonomic}
   size_t G1HeapRegionSize                         = 1048576                                   {product} {ergonomic}
    uintx GCDrainStackTargetSize                   = 64                                        {product} {ergonomic}
   size_t InitialHeapSize                          = 134217728                                 {product} {ergonomic}
   size_t MarkStackSize                            = 4194304                                   {product} {ergonomic}
   size_t MaxHeapSize                              = 2147483648                                {product} {command line}
   size_t MaxNewSize                               = 1287651328                                {product} {ergonomic}
   size_t MinHeapDeltaBytes                        = 1048576                                   {product} {ergonomic}
   size_t MinHeapSize                              = 8388608                                   {product} {ergonomic}
    uintx NonNMethodCodeHeapSize                   = 5839372                                {pd product} {ergonomic}
    uintx NonProfiledCodeHeapSize                  = 122909434                              {pd product} {ergonomic}
    uintx ProfiledCodeHeapSize                     = 122909434                              {pd product} {ergonomic}
    uintx ReservedCodeCacheSize                    = 251658240                              {pd product} {ergonomic}
     bool SegmentedCodeCache                       = true                                      {product} {ergonomic}
   size_t SoftMaxHeapSize                          = 2147483648                             {manageable} {ergonomic}
     bool UseCompressedClassPointers               = true                           {product lp64_product} {ergonomic}
     bool UseCompressedOops                        = true                           {product lp64_product} {ergonomic}
     bool UseG1GC                                  = true                                      {product} {ergonomic}
     bool UseLargePagesIndividualAllocation        = false                                  {pd product} {ergonomic}

Logging:
Log output configuration:
 #0: stdout all=warning uptime,level,tags
 #1: stderr all=off uptime,level,tags

Environment Variables:
PATH=C:\Program Files\Common Files\Oracle\Java\javapath;C:\Program Files (x86)\Common Files\Oracle\Java\javapath;C:\Program Files (x86)\Intel\Intel(R) Management Engine Components\iCLS\;C:\Program Files\Intel\Intel(R) Management Engine Components\iCLS\;C:\Windows\system32;C:\Windows;C:\Windows\System32\Wbem;C:\Windows\System32\WindowsPowerShell\v1.0\;C:\Windows\System32\OpenSSH\;C:\Program Files (x86)\Intel\Intel(R) Management Engine Components\DAL;C:\Program Files\Intel\Intel(R) Management Engine Components\DAL;C:\Program Files\Intel\WiFi\bin\;C:\Program Files\Common Files\Intel\WirelessCommon\;C:\Program Files (x86)\NVIDIA Corporation\PhysX\Common;C:\Program Files\NVIDIA Corporation\NVIDIA NvDLISR;C:\WINDOWS\system32;C:\WINDOWS;C:\WINDOWS\System32\Wbem;C:\WINDOWS\System32\WindowsPowerShell\v1.0\;C:\WINDOWS\System32\OpenSSH\;C:\Program Files\dotnet\;C:\Program Files\Microsoft SQL Server\130\Tools\Binn\;C:\Program Files\Microsoft SQL Server\Client SDK\ODBC\170\Tools\Binn\;C:\Program Files (x86)\Microsoft SQL Server\150\Tools\Binn\;C:\Program Files\Microsoft SQL Server\150\Tools\Binn\;C:\Program Files\Microsoft SQL Server\150\DTS\Binn\;C:\Program Files\Azure Data Studio\bin;C:\Program Files (x86)\Microsoft SQL Server\150\DTS\Binn\;C:\Program Files\Git\cmd;C:\Users\Marcin\AppData\Local\Microsoft\WindowsApps
USERNAME=Marcin
OS=Windows_NT
PROCESSOR_IDENTIFIER=Intel64 Family 6 Model 142 Stepping 10, GenuineIntel
TMP=C:\Users\Marcin\AppData\Local\Temp
TEMP=C:\Users\Marcin\AppData\Local\Temp


JNI global refs:
JNI global refs: 24, weak refs: 2

JNI global refs memory usage: 843, weak refs: 841

OOME stack traces (most recent first):
Classloader memory used:
Loader bootstrap                                                                       : 2174K
Loader org.gradle.internal.classloader.VisitableURLClassLoader                         : 2132K
Loader org.gradle.initialization.MixInLegacyTypesClassLoader                           : 393K
Loader jdk.internal.loader.ClassLoaders$PlatformClassLoader                            : 34190B
Loader jdk.internal.loader.ClassLoaders$AppClassLoader                                 : 25676B
Loader jdk.internal.reflect.DelegatingClassLoader                                      : 2700B
Loader org.gradle.groovy.scripts.internal.DefaultScriptCompilationHandler$ScriptClassLoader: 751B

Classes loaded by more than one classloader:
Class org.gradle.internal.installation.GradleInstallation                             : loaded 2 times (x 73B)
Class org.gradle.internal.classpath.ClassPath                                         : loaded 2 times (x 68B)
Class org.gradle.api.internal.classpath.DefaultModuleRegistry                         : loaded 2 times (x 84B)
Class org.gradle.api.Action                                                           : loaded 2 times (x 68B)
Class org.gradle.api.internal.DefaultClassPathProvider                                : loaded 2 times (x 74B)
Class org.gradle.internal.installation.GradleInstallation$1                           : loaded 2 times (x 73B)
Class org.gradle.internal.classloader.FilteringClassLoader                            : loaded 2 times (x 103B)
Class org.gradle.internal.classpath.DefaultClassPath$ImmutableUniqueList$Builder      : loaded 2 times (x 73B)
Class org.gradle.internal.classloader.ClassLoaderVisitor                              : loaded 2 times (x 74B)
Class org.gradle.internal.service.DefaultServiceLocator                               : loaded 2 times (x 81B)
Class org.gradle.internal.service.UnknownServiceException                             : loaded 2 times (x 81B)
Class org.gradle.internal.classloader.DefaultClassLoaderFactory                       : loaded 2 times (x 80B)
Class org.gradle.internal.classloader.VisitableURLClassLoader$Spec                    : loaded 2 times (x 72B)
Class org.gradle.api.GradleException                                                  : loaded 2 times (x 80B)
Class org.gradle.api.internal.classpath.ModuleRegistry                                : loaded 2 times (x 68B)
Class org.gradle.api.internal.ClassPathProvider                                       : loaded 2 times (x 68B)
Class org.gradle.internal.classloader.ClasspathUtil$1                                 : loaded 2 times (x 74B)
Class org.gradle.internal.classloader.ClassLoaderFactory                              : loaded 2 times (x 68B)
Class org.gradle.api.internal.classpath.ManifestUtil                                  : loaded 2 times (x 69B)
Class org.gradle.api.specs.Spec                                                       : loaded 2 times (x 68B)
Class org.gradle.internal.IoActions                                                   : loaded 2 times (x 69B)
Class org.gradle.api.internal.classpath.EffectiveClassPath                            : loaded 2 times (x 88B)
Class org.gradle.internal.installation.CurrentGradleInstallation                      : loaded 2 times (x 71B)
Class org.gradle.internal.installation.CurrentGradleInstallationLocator               : loaded 2 times (x 69B)
Class org.gradle.api.internal.classpath.Module                                        : loaded 2 times (x 68B)
Class org.gradle.internal.service.CachingServiceLocator                               : loaded 2 times (x 80B)
Class org.gradle.internal.classpath.DefaultClassPath                                  : loaded 2 times (x 88B)
Class org.gradle.api.Transformer                                                      : loaded 2 times (x 68B)
Class org.gradle.internal.classloader.SystemClassLoaderSpec                           : loaded 2 times (x 69B)
Class org.gradle.api.UncheckedIOException                                             : loaded 2 times (x 80B)
Class org.gradle.internal.classloader.ClasspathUtil                                   : loaded 2 times (x 69B)
Class org.gradle.api.internal.DefaultClassPathRegistry                                : loaded 2 times (x 74B)
Class org.gradle.api.internal.classpath.DefaultModuleRegistry$DefaultModule           : loaded 2 times (x 84B)
Class org.gradle.api.internal.classpath.UnknownModuleException                        : loaded 2 times (x 80B)
Class org.gradle.internal.service.ServiceLookupException                              : loaded 2 times (x 80B)
Class org.gradle.cache.GlobalCache                                                    : loaded 2 times (x 68B)
Class [Lorg.gradle.api.internal.ClassPathProvider;                                    : loaded 2 times (x 67B)
Class org.gradle.util.internal.GUtil                                                  : loaded 2 times (x 69B)
Class org.gradle.internal.classloader.ClassLoaderSpec                                 : loaded 2 times (x 69B)
Class org.gradle.internal.classloader.VisitableURLClassLoader                         : loaded 2 times (x 115B)
Class org.gradle.internal.Cast                                                        : loaded 2 times (x 69B)
Class org.gradle.api.internal.ClassPathRegistry                                       : loaded 2 times (x 68B)
Class org.gradle.internal.classloader.ClassLoaderHierarchy                            : loaded 2 times (x 68B)
Class org.gradle.internal.service.ServiceLocator                                      : loaded 2 times (x 68B)
Class org.gradle.internal.classpath.DefaultClassPath$ImmutableUniqueList              : loaded 2 times (x 159B)


---------------  S Y S T E M  ---------------

OS:
 Windows 10 , 64 bit Build 19041 (10.0.19041.3393)
OS uptime: 0 days 0:18 hours

CPU: total 8 (initial active 8) (4 cores per cpu, 2 threads per core) family 6 model 142 stepping 10 microcode 0xb4, cx8, cmov, fxsr, ht, mmx, 3dnowpref, sse, sse2, sse3, ssse3, sse4.1, sse4.2, popcnt, lzcnt, tsc, tscinvbit, avx, avx2, aes, erms, clmul, bmi1, bmi2, adx, fma, vzeroupper, clflush, clflushopt
Processor Information for all 8 processors :
  Max Mhz: 1801, Current Mhz: 1800, Mhz Limit: 1782

Memory: 4k page, system-wide physical 8075M (602M free)
TotalPageFile size 10075M (AvailPageFile size 0M)
current process WorkingSet (physical memory assigned to process): 216M, peak: 216M
current process commit charge ("private bytes"): 257M, peak: 258M

vm_info: OpenJDK 64-Bit Server VM (17.0.8.1+7-b1063.1) for windows-amd64 JRE (17.0.8.1+7-b1063.1), built on 2023-09-22 by "builduser" with MS VC++ 16.10 / 16.11 (VS2019)

END.
