#
# There is insufficient memory for the Java Runtime Environment to continue.
# Native memory allocation (mmap) failed to map 134217728 bytes for G1 virtual space
# Possible reasons:
#   The system is out of physical RAM or swap space
#   The process is running with CompressedOops enabled, and the Java Heap may be blocking the growth of the native heap
# Possible solutions:
#   Reduce memory load on the system
#   Increase physical memory or swap space
#   Check if swap backing store is full
#   Decrease Java heap size (-Xmx/-Xms)
#   Decrease number of Java threads
#   Decrease Java thread stack sizes (-Xss)
#   Set larger code cache with -XX:ReservedCodeCacheSize=
#   JVM is running with Unscaled Compressed Oops mode in which the Java heap is
#     placed in the first 4GB address space. The Java Heap base address is the
#     maximum limit for the native heap growth. Please use -XX:HeapBaseMinAddress
#     to set the Java Heap base and to place the Java Heap above 4GB virtual address.
# This output file may be truncated or incomplete.
#
#  Out of Memory Error (os_windows.cpp:3825), pid=1784, tid=14964
#
# JRE version:  (17.0.8.1+7) (build )
# Java VM: OpenJDK 64-Bit Server VM (17.0.8.1+7-b1063.1, mixed mode, sharing, tiered, compressed oops, compressed class ptrs, g1 gc, windows-amd64)
# No core dump will be written. Minidumps are not enabled by default on client versions of Windows
#

---------------  S U M M A R Y ------------

Command Line: -Djava.awt.headless=true -Djava.util.logging.config.file=C:\Users\Marcin\.android\utp\logging9556786049057839694properties -Dfile.encoding=UTF-8 -Duser.country=PL -Duser.language=pl -Duser.variant com.google.testing.platform.launcher.Launcher C:\Users\Marcin\.gradle\caches\modules-2\files-2.1\com.google.testing.platform\core\0.0.8-alpha08\762b033d6dcf24e44af8ccc5428ceb3eef540e37\core-0.0.8-alpha08.jar --proto_config=C:\Users\Marcin\.android\utp\runnerConfig10803017743625940607.pb --proto_server_config=C:\Users\Marcin\.android\utp\serverConfig5601893390669069106.pb

Host: Intel(R) Core(TM) i5-8250U CPU @ 1.60GHz, 8 cores, 7G,  Windows 10 , 64 bit Build 19041 (10.0.19041.3393)
Time: Tue Oct  3 15:42:41 2023  Windows 10 , 64 bit Build 19041 (10.0.19041.3393) elapsed time: 0.013965 seconds (0d 0h 0m 0s)

---------------  T H R E A D  ---------------

Current thread (0x000001bc7d33b7e0):  JavaThread "Unknown thread" [_thread_in_vm, id=14964, stack(0x0000000100600000,0x0000000100700000)]

Stack: [0x0000000100600000,0x0000000100700000]
Native frames: (J=compiled Java code, j=interpreted, Vv=VM code, C=native code)
V  [jvm.dll+0x6852da]  os::platform_print_native_stack+0xca  (os_windows_x86.cpp:235)
V  [jvm.dll+0x844ad4]  VMError::report+0xc34  (vmError.cpp:741)
V  [jvm.dll+0x8463ee]  VMError::report_and_die+0x78e  (vmError.cpp:1582)
V  [jvm.dll+0x846a53]  VMError::report_and_die+0x43  (vmError.cpp:1368)
V  [jvm.dll+0x24b7cf]  report_vm_out_of_memory+0x8f  (debug.cpp:321)
V  [jvm.dll+0x682099]  os::pd_commit_memory_or_exit+0xc9  (os_windows.cpp:3833)
V  [jvm.dll+0x67677a]  os::commit_memory_or_exit+0x2a  (os.cpp:1750)
V  [jvm.dll+0x30be2b]  G1PageBasedVirtualSpace::commit+0x19b  (g1PageBasedVirtualSpace.cpp:204)
V  [jvm.dll+0x3132d6]  G1RegionsLargerThanCommitSizeMapper::commit_regions+0x96  (g1RegionToSpaceMapper.cpp:100)
V  [jvm.dll+0x36302e]  HeapRegionManager::expand_any+0xee  (heapRegionManager.cpp:363)
V  [jvm.dll+0x36325f]  HeapRegionManager::expand_by+0x7f  (heapRegionManager.cpp:380)
V  [jvm.dll+0x2e1f48]  G1CollectedHeap::expand+0xb8  (g1CollectedHeap.cpp:1298)
V  [jvm.dll+0x2e2eb4]  G1CollectedHeap::initialize+0x664  (g1CollectedHeap.cpp:1719)
V  [jvm.dll+0x815a61]  universe_init+0xb1  (universe.cpp:736)
V  [jvm.dll+0x370df1]  init_globals+0x31  (init.cpp:124)
V  [jvm.dll+0x7f4e2c]  Threads::create_vm+0x60c  (thread.cpp:2901)
V  [jvm.dll+0x3f3f1f]  JNI_CreateJavaVM_inner+0x8f  (jni.cpp:3635)
V  [jvm.dll+0x3f5b31]  JNI_CreateJavaVM+0x11  (jni.cpp:3727)
C  [jli.dll+0x528f]  JavaMain+0x113  (java.c:413)
C  [ucrtbase.dll+0x21bb2]
C  [KERNEL32.DLL+0x17344]
C  [ntdll.dll+0x526b1]


---------------  P R O C E S S  ---------------

Threads class SMR info:
_java_thread_list=0x00007ffaa6e400d8, length=0, elements={
}

Java Threads: ( => current thread )

Other Threads:
  0x000001bc7d394c80 GCTaskThread "GC Thread#0" [stack: 0x0000000100700000,0x0000000100800000] [id=14768]
  0x000001bc7d3a6860 ConcurrentGCThread "G1 Main Marker" [stack: 0x0000000100800000,0x0000000100900000] [id=10884]
  0x000001bc7d3a7a10 ConcurrentGCThread "G1 Conc#0" [stack: 0x0000000100900000,0x0000000100a00000] [id=3236]

[error occurred during error reporting (printing all threads), id 0xc0000005, EXCEPTION_ACCESS_VIOLATION (0xc0000005) at pc=0x00007ffaa65f2ab7]

VM state: not at safepoint (not fully initialized)

VM Mutex/Monitor currently owned by a thread:  ([mutex/lock_event])
[0x000001bc7b20a980] Heap_lock - owner thread: 0x000001bc7d33b7e0

Heap address: 0x0000000081c00000, size: 2020 MB, Compressed Oops mode: 32-bit

CDS archive(s) mapped at: [0x0000000000000000-0x0000000000000000-0x0000000000000000), size 0, SharedBaseAddress: 0x0000000800000000, ArchiveRelocationMode: 1.
Narrow klass base: 0x0000000000000000, Narrow klass shift: 0, Narrow klass range: 0x0

GC Precious Log:
<Empty>

Heap:
 garbage-first heap   total 0K, used 0K [0x0000000081c00000, 0x0000000100000000)
  region size 1024K, 0 young (0K), 0 survivors (0K)
 Metaspace       used 0K, committed 0K, reserved 0K
  class space    used 0K, committed 0K, reserved 0K

Heap Regions: E=young(eden), S=young(survivor), O=old, HS=humongous(starts), HC=humongous(continues), CS=collection set, F=free, OA=open archive, CA=closed archive, TAMS=top-at-mark-start (previous, next)

Card table byte_map: [0x000001bc7db30000,0x000001bc7df30000] _byte_map_base: 0x000001bc7d722000

Marking Bits (Prev, Next): (CMBitMap*) 0x000001bc7d3962b0, (CMBitMap*) 0x000001bc7d3962f0
 Prev Bits: [0x000001bc12710000, 0x000001bc146a0000)
 Next Bits: [0x000001bc146a0000, 0x000001bc16630000)

GC Heap History (0 events):
No events

Dll operation events (1 events):
Event: 0.008 Loaded shared library C:\Users\Marcin\.jdks\jbr-17.0.8.1\bin\java.dll

Deoptimization events (0 events):
No events

Classes unloaded (0 events):
No events

Classes redefined (0 events):
No events

Internal exceptions (0 events):
No events

VM Operations (0 events):
No events

Events (0 events):
No events


Dynamic libraries:
0x00007ff72e4c0000 - 0x00007ff72e4ca000 	C:\Users\Marcin\.jdks\jbr-17.0.8.1\bin\java.exe
0x00007ffaf5410000 - 0x00007ffaf5608000 	C:\WINDOWS\SYSTEM32\ntdll.dll
0x00007ffaf3640000 - 0x00007ffaf36fd000 	C:\WINDOWS\System32\KERNEL32.DLL
0x00007ffaf2e70000 - 0x00007ffaf3166000 	C:\WINDOWS\System32\KERNELBASE.dll
0x00007ffaf3370000 - 0x00007ffaf3470000 	C:\WINDOWS\System32\ucrtbase.dll
0x00007ffaeac80000 - 0x00007ffaeac9b000 	C:\Users\Marcin\.jdks\jbr-17.0.8.1\bin\VCRUNTIME140.dll
0x00007ffaeb790000 - 0x00007ffaeb7a7000 	C:\Users\Marcin\.jdks\jbr-17.0.8.1\bin\jli.dll
0x00007ffaf3760000 - 0x00007ffaf38fe000 	C:\WINDOWS\System32\USER32.dll
0x00007ffaf3340000 - 0x00007ffaf3362000 	C:\WINDOWS\System32\win32u.dll
0x00007ffae27f0000 - 0x00007ffae2a8a000 	C:\WINDOWS\WinSxS\amd64_microsoft.windows.common-controls_6595b64144ccf1df_6.0.19041.1110_none_60b5254171f9507e\COMCTL32.dll
0x00007ffaf4e80000 - 0x00007ffaf4eac000 	C:\WINDOWS\System32\GDI32.dll
0x00007ffaf4460000 - 0x00007ffaf44fe000 	C:\WINDOWS\System32\msvcrt.dll
0x00007ffaf2ca0000 - 0x00007ffaf2dba000 	C:\WINDOWS\System32\gdi32full.dll
0x00007ffaf2c00000 - 0x00007ffaf2c9d000 	C:\WINDOWS\System32\msvcp_win.dll
0x00007ffaf4f30000 - 0x00007ffaf4f60000 	C:\WINDOWS\System32\IMM32.DLL
0x00007ffaefc60000 - 0x00007ffaefc6c000 	C:\Users\Marcin\.jdks\jbr-17.0.8.1\bin\vcruntime140_1.dll
0x00007ffacdc30000 - 0x00007ffacdcbd000 	C:\Users\Marcin\.jdks\jbr-17.0.8.1\bin\msvcp140.dll
0x00007ffaa6300000 - 0x00007ffaa6f83000 	C:\Users\Marcin\.jdks\jbr-17.0.8.1\bin\server\jvm.dll
0x00007ffaf43a0000 - 0x00007ffaf444e000 	C:\WINDOWS\System32\ADVAPI32.dll
0x00007ffaf4740000 - 0x00007ffaf47dc000 	C:\WINDOWS\System32\sechost.dll
0x00007ffaf3ab0000 - 0x00007ffaf3bd6000 	C:\WINDOWS\System32\RPCRT4.dll
0x00007ffadfb30000 - 0x00007ffadfb39000 	C:\WINDOWS\SYSTEM32\WSOCK32.dll
0x00007ffae2cc0000 - 0x00007ffae2ce7000 	C:\WINDOWS\SYSTEM32\WINMM.dll
0x00007ffaf2950000 - 0x00007ffaf299b000 	C:\WINDOWS\SYSTEM32\POWRPROF.dll
0x00007ffaf3be0000 - 0x00007ffaf3c4b000 	C:\WINDOWS\System32\WS2_32.dll
0x00007ffaeb340000 - 0x00007ffaeb34a000 	C:\WINDOWS\SYSTEM32\VERSION.dll
0x00007ffaf2930000 - 0x00007ffaf2942000 	C:\WINDOWS\SYSTEM32\UMPDC.dll
0x00007ffaf1360000 - 0x00007ffaf1372000 	C:\WINDOWS\SYSTEM32\kernel.appcore.dll
0x00007ffaec7a0000 - 0x00007ffaec7aa000 	C:\Users\Marcin\.jdks\jbr-17.0.8.1\bin\jimage.dll
0x00007ffaf1020000 - 0x00007ffaf1204000 	C:\WINDOWS\SYSTEM32\DBGHELP.DLL
0x00007ffad9000000 - 0x00007ffad9034000 	C:\WINDOWS\SYSTEM32\dbgcore.DLL
0x00007ffaf2af0000 - 0x00007ffaf2b72000 	C:\WINDOWS\System32\bcryptPrimitives.dll
0x00007ffae0220000 - 0x00007ffae0245000 	C:\Users\Marcin\.jdks\jbr-17.0.8.1\bin\java.dll

dbghelp: loaded successfully - version: 4.0.5 - missing functions: none
symbol engine: initialized successfully - sym options: 0x614 - pdb path: .;C:\Users\Marcin\.jdks\jbr-17.0.8.1\bin;C:\WINDOWS\SYSTEM32;C:\WINDOWS\WinSxS\amd64_microsoft.windows.common-controls_6595b64144ccf1df_6.0.19041.1110_none_60b5254171f9507e;C:\Users\Marcin\.jdks\jbr-17.0.8.1\bin\server

VM Arguments:
jvm_args: -Djava.awt.headless=true -Djava.util.logging.config.file=C:\Users\Marcin\.android\utp\logging9556786049057839694properties -Dfile.encoding=UTF-8 -Duser.country=PL -Duser.language=pl -Duser.variant 
java_command: com.google.testing.platform.launcher.Launcher C:\Users\Marcin\.gradle\caches\modules-2\files-2.1\com.google.testing.platform\core\0.0.8-alpha08\762b033d6dcf24e44af8ccc5428ceb3eef540e37\core-0.0.8-alpha08.jar --proto_config=C:\Users\Marcin\.android\utp\runnerConfig10803017743625940607.pb --proto_server_config=C:\Users\Marcin\.android\utp\serverConfig5601893390669069106.pb
java_class_path (initial): C:\Users\Marcin\.gradle\caches\modules-2\files-2.1\com.google.testing.platform\launcher\0.0.8-alpha08\de8664b74f9b70fea224c610fd41b802805c72ab\launcher-0.0.8-alpha08.jar
Launcher Type: SUN_STANDARD

[Global flags]
     intx CICompilerCount                          = 4                                         {product} {ergonomic}
     uint ConcGCThreads                            = 2                                         {product} {ergonomic}
     uint G1ConcRefinementThreads                  = 8                                         {product} {ergonomic}
   size_t G1HeapRegionSize                         = 1048576                                   {product} {ergonomic}
    uintx GCDrainStackTargetSize                   = 64                                        {product} {ergonomic}
   size_t InitialHeapSize                          = 134217728                                 {product} {ergonomic}
   size_t MarkStackSize                            = 4194304                                   {product} {ergonomic}
   size_t MaxHeapSize                              = 2118123520                                {product} {ergonomic}
   size_t MinHeapDeltaBytes                        = 1048576                                   {product} {ergonomic}
   size_t MinHeapSize                              = 8388608                                   {product} {ergonomic}
    uintx NonNMethodCodeHeapSize                   = 5839372                                {pd product} {ergonomic}
    uintx NonProfiledCodeHeapSize                  = 122909434                              {pd product} {ergonomic}
    uintx ProfiledCodeHeapSize                     = 122909434                              {pd product} {ergonomic}
    uintx ReservedCodeCacheSize                    = 251658240                              {pd product} {ergonomic}
     bool SegmentedCodeCache                       = true                                      {product} {ergonomic}
   size_t SoftMaxHeapSize                          = 2118123520                             {manageable} {ergonomic}
     bool UseCompressedClassPointers               = true                           {product lp64_product} {ergonomic}
     bool UseCompressedOops                        = true                           {product lp64_product} {ergonomic}
     bool UseG1GC                                  = true                                      {product} {ergonomic}
     bool UseLargePagesIndividualAllocation        = false                                  {pd product} {ergonomic}

Logging:
Log output configuration:
 #0: stdout all=warning uptime,level,tags
 #1: stderr all=off uptime,level,tags

Environment Variables:
PATH=C:\Program Files\Common Files\Oracle\Java\javapath;C:\Program Files (x86)\Common Files\Oracle\Java\javapath;C:\Program Files (x86)\Intel\Intel(R) Management Engine Components\iCLS\;C:\Program Files\Intel\Intel(R) Management Engine Components\iCLS\;C:\Windows\system32;C:\Windows;C:\Windows\System32\Wbem;C:\Windows\System32\WindowsPowerShell\v1.0\;C:\Windows\System32\OpenSSH\;C:\Program Files (x86)\Intel\Intel(R) Management Engine Components\DAL;C:\Program Files\Intel\Intel(R) Management Engine Components\DAL;C:\Program Files\Intel\WiFi\bin\;C:\Program Files\Common Files\Intel\WirelessCommon\;C:\Program Files (x86)\NVIDIA Corporation\PhysX\Common;C:\Program Files\NVIDIA Corporation\NVIDIA NvDLISR;C:\WINDOWS\system32;C:\WINDOWS;C:\WINDOWS\System32\Wbem;C:\WINDOWS\System32\WindowsPowerShell\v1.0\;C:\WINDOWS\System32\OpenSSH\;C:\Program Files\dotnet\;C:\Program Files\Microsoft SQL Server\130\Tools\Binn\;C:\Program Files\Microsoft SQL Server\Client SDK\ODBC\170\Tools\Binn\;C:\Program Files (x86)\Microsoft SQL Server\150\Tools\Binn\;C:\Program Files\Microsoft SQL Server\150\Tools\Binn\;C:\Program Files\Microsoft SQL Server\150\DTS\Binn\;C:\Program Files\Azure Data Studio\bin;C:\Program Files (x86)\Microsoft SQL Server\150\DTS\Binn\;C:\Program Files\Git\cmd;C:\Users\Marcin\AppData\Local\Microsoft\WindowsApps;C:\Program Files\Azure Data Studio\bin
USERNAME=Marcin
OS=Windows_NT
PROCESSOR_IDENTIFIER=Intel64 Family 6 Model 142 Stepping 10, GenuineIntel
TMP=C:\Users\Marcin\AppData\Local\Temp
TEMP=C:\Users\Marcin\AppData\Local\Temp


JNI global refs:
JNI global refs: 0, weak refs: 0

JNI global refs memory usage: 0, weak refs: 0

OOME stack traces (most recent first):
Classloader memory used:


---------------  S Y S T E M  ---------------

OS:
 Windows 10 , 64 bit Build 19041 (10.0.19041.3393)
OS uptime: 0 days 23:21 hours

CPU: total 8 (initial active 8) (4 cores per cpu, 2 threads per core) family 6 model 142 stepping 10 microcode 0xb4, cx8, cmov, fxsr, ht, mmx, 3dnowpref, sse, sse2, sse3, ssse3, sse4.1, sse4.2, popcnt, lzcnt, tsc, tscinvbit, avx, avx2, aes, erms, clmul, bmi1, bmi2, adx, fma, vzeroupper, clflush, clflushopt
Processor Information for all 8 processors :
  Max Mhz: 1801, Current Mhz: 1801, Mhz Limit: 1801

Memory: 4k page, system-wide physical 8075M (741M free)
TotalPageFile size 10075M (AvailPageFile size 7M)
current process WorkingSet (physical memory assigned to process): 37M, peak: 37M
current process commit charge ("private bytes"): 86M, peak: 188M

vm_info: OpenJDK 64-Bit Server VM (17.0.8.1+7-b1063.1) for windows-amd64 JRE (17.0.8.1+7-b1063.1), built on 2023-09-22 by "builduser" with MS VC++ 16.10 / 16.11 (VS2019)

END.
